2022.01.10 19:16:21 INFO  ce[][o.s.p.ProcessEntryPoint] Starting ce
2022.01.10 19:16:21 INFO  ce[][o.s.ce.app.CeServer] Compute Engine starting up...
2022.01.10 19:16:21 INFO  ce[][o.s.s.e.EsClientProvider] Connected to local Elasticsearch: [http://localhost:9001]
2022.01.10 19:16:22 INFO  ce[][o.sonar.db.Database] Create JDBC data source for jdbc:h2:tcp://127.0.0.1:9092/sonar
2022.01.10 19:16:22 WARN  ce[][o.s.db.dialect.H2] H2 database should be used for evaluation purpose only.
2022.01.10 19:16:23 INFO  ce[][o.s.s.p.ServerFileSystemImpl] SonarQube home: /opt/sonarqube
2022.01.10 19:16:23 INFO  ce[][o.s.c.c.CePluginRepository] Load plugins
2022.01.10 19:16:24 INFO  ce[][o.s.c.c.ComputeEngineContainerImpl] Running Community edition
2022.01.10 19:16:24 INFO  ce[][o.s.ce.app.CeServer] Compute Engine is operational
2022.01.10 19:25:22 INFO  ce[][o.s.p.ProcessEntryPoint] Gracefully stopping process
2022.01.10 19:25:22 INFO  ce[][o.s.ce.app.CeServer] Compute Engine is stopping...
2022.01.10 19:25:22 INFO  ce[][o.s.c.t.CeProcessingSchedulerImpl] Gracefully stopping workers...
2022.01.10 19:25:22 INFO  ce[][o.s.ce.app.CeServer] Compute Engine is stopped
2022.01.10 19:27:33 INFO  ce[][o.s.p.ProcessEntryPoint] Starting ce
2022.01.10 19:27:33 INFO  ce[][o.s.ce.app.CeServer] Compute Engine starting up...
2022.01.10 19:27:33 INFO  ce[][o.s.c.e.CoreExtensionsLoader] Loaded core extensions: Community Branch Plugin
2022.01.10 19:27:33 INFO  ce[][o.s.s.e.EsClientProvider] Connected to local Elasticsearch: [http://localhost:9001]
2022.01.10 19:27:34 INFO  ce[][o.sonar.db.Database] Create JDBC data source for jdbc:h2:tcp://127.0.0.1:9092/sonar
2022.01.10 19:27:34 WARN  ce[][o.s.db.dialect.H2] H2 database should be used for evaluation purpose only.
2022.01.10 19:27:35 INFO  ce[][o.s.s.p.ServerFileSystemImpl] SonarQube home: /opt/sonarqube
2022.01.10 19:27:35 INFO  ce[][o.s.c.c.CePluginRepository] Load plugins
2022.01.10 19:27:36 INFO  ce[][o.s.c.c.ComputeEngineContainerImpl] Running Developer edition
2022.01.10 19:27:36 INFO  ce[][o.s.ce.app.CeServer] Compute Engine is operational
2022.01.10 19:27:37 INFO  ce[][o.s.p.ProcessEntryPoint] Gracefully stopping process
2022.01.10 19:27:37 INFO  ce[][o.s.ce.app.CeServer] Compute Engine is stopping...
2022.01.10 19:27:37 INFO  ce[][o.s.c.t.CeProcessingSchedulerImpl] Gracefully stopping workers...
2022.01.10 19:27:38 INFO  ce[][o.s.ce.app.CeServer] Compute Engine is stopped
2022.01.10 19:28:22 INFO  ce[][o.s.p.ProcessEntryPoint] Starting ce
2022.01.10 19:28:22 INFO  ce[][o.s.ce.app.CeServer] Compute Engine starting up...
2022.01.10 19:28:22 INFO  ce[][o.s.c.e.CoreExtensionsLoader] Loaded core extensions: Community Branch Plugin
2022.01.10 19:28:22 INFO  ce[][o.s.s.e.EsClientProvider] Connected to local Elasticsearch: [http://localhost:9001]
2022.01.10 19:28:22 INFO  ce[][o.sonar.db.Database] Create JDBC data source for jdbc:h2:tcp://127.0.0.1:9092/sonar
2022.01.10 19:28:23 WARN  ce[][o.s.db.dialect.H2] H2 database should be used for evaluation purpose only.
2022.01.10 19:28:23 INFO  ce[][o.s.s.p.ServerFileSystemImpl] SonarQube home: /opt/sonarqube
2022.01.10 19:28:23 INFO  ce[][o.s.c.c.CePluginRepository] Load plugins
2022.01.10 19:28:24 INFO  ce[][o.s.c.c.ComputeEngineContainerImpl] Running Developer edition
2022.01.10 19:28:24 INFO  ce[][o.s.ce.app.CeServer] Compute Engine is operational
2022.01.10 20:28:05 INFO  ce[][o.s.c.t.CeWorkerImpl] Execute task | project=rentapp:b21faee26e4a338a736b49f95d4d001234a9d179 | type=REPORT | id=AX5FrSmdwgIPvxn9G93t | submitter=admin
2022.01.10 20:28:06 INFO  ce[AX5FrSmdwgIPvxn9G93t][o.s.c.t.s.ComputationStepExecutor] Extract report | status=SUCCESS | time=976ms
2022.01.10 20:28:06 INFO  ce[AX5FrSmdwgIPvxn9G93t][o.s.c.t.s.ComputationStepExecutor] Persist scanner context | status=SUCCESS | time=11ms
2022.01.10 20:28:06 INFO  ce[AX5FrSmdwgIPvxn9G93t][o.s.c.t.s.ComputationStepExecutor] Propagate analysis warnings from scanner report | status=SUCCESS | time=19ms
2022.01.10 20:28:06 INFO  ce[AX5FrSmdwgIPvxn9G93t][o.s.c.t.s.ComputationStepExecutor] Generate analysis UUID | status=SUCCESS | time=0ms
2022.01.10 20:28:07 INFO  ce[AX5FrSmdwgIPvxn9G93t][o.s.c.t.s.ComputationStepExecutor] Load analysis metadata | status=SUCCESS | time=101ms
2022.01.10 20:28:07 INFO  ce[AX5FrSmdwgIPvxn9G93t][o.s.c.t.s.ComputationStepExecutor] Initialize | status=SUCCESS | time=0ms
2022.01.10 20:28:07 INFO  ce[AX5FrSmdwgIPvxn9G93t][o.s.c.t.s.ComputationStepExecutor] Build tree of components | components=1374 | status=SUCCESS | time=280ms
2022.01.10 20:28:07 INFO  ce[AX5FrSmdwgIPvxn9G93t][o.s.c.t.s.ComputationStepExecutor] Validate project | status=SUCCESS | time=8ms
2022.01.10 20:28:08 INFO  ce[AX5FrSmdwgIPvxn9G93t][o.s.c.t.s.ComputationStepExecutor] Load quality profiles | status=SUCCESS | time=1387ms
2022.01.10 20:28:08 INFO  ce[AX5FrSmdwgIPvxn9G93t][o.s.c.t.s.ComputationStepExecutor] Load Quality gate | status=SUCCESS | time=17ms
2022.01.10 20:28:08 INFO  ce[AX5FrSmdwgIPvxn9G93t][o.s.c.t.s.ComputationStepExecutor] Load new code period | status=SUCCESS | time=6ms
2022.01.10 20:28:08 INFO  ce[AX5FrSmdwgIPvxn9G93t][o.s.c.t.s.ComputationStepExecutor] Detect file moves | status=SUCCESS | time=0ms
2022.01.10 20:28:09 INFO  ce[AX5FrSmdwgIPvxn9G93t][o.s.c.t.s.ComputationStepExecutor] Load duplications | duplications=5610 | status=SUCCESS | time=425ms
2022.01.10 20:28:09 INFO  ce[AX5FrSmdwgIPvxn9G93t][o.s.c.t.s.ComputationStepExecutor] Compute cross project duplications | status=SUCCESS | time=0ms
2022.01.10 20:28:09 INFO  ce[AX5FrSmdwgIPvxn9G93t][o.s.c.t.s.ComputationStepExecutor] Compute size measures | status=SUCCESS | time=185ms
2022.01.10 20:28:09 INFO  ce[AX5FrSmdwgIPvxn9G93t][o.s.c.t.s.ComputationStepExecutor] Compute new coverage | status=SUCCESS | time=18ms
2022.01.10 20:28:09 INFO  ce[AX5FrSmdwgIPvxn9G93t][o.s.c.t.s.ComputationStepExecutor] Compute coverage measures | status=SUCCESS | time=128ms
2022.01.10 20:28:09 INFO  ce[AX5FrSmdwgIPvxn9G93t][o.s.c.t.s.ComputationStepExecutor] Compute comment measures | status=SUCCESS | time=18ms
2022.01.10 20:28:09 INFO  ce[AX5FrSmdwgIPvxn9G93t][o.s.c.t.s.ComputationStepExecutor] Copy custom measures | status=SUCCESS | time=5ms
2022.01.10 20:28:09 INFO  ce[AX5FrSmdwgIPvxn9G93t][o.s.c.t.s.ComputationStepExecutor] Compute duplication measures | status=SUCCESS | time=54ms
2022.01.10 20:28:09 INFO  ce[AX5FrSmdwgIPvxn9G93t][o.s.c.t.s.ComputationStepExecutor] Compute size measures on new code | status=SUCCESS | time=6ms
2022.01.10 20:28:09 INFO  ce[AX5FrSmdwgIPvxn9G93t][o.s.c.t.s.ComputationStepExecutor] Compute language distribution | status=SUCCESS | time=71ms
2022.01.10 20:28:09 INFO  ce[AX5FrSmdwgIPvxn9G93t][o.s.c.t.s.ComputationStepExecutor] Compute test measures | status=SUCCESS | time=13ms
2022.01.10 20:28:09 INFO  ce[AX5FrSmdwgIPvxn9G93t][o.s.c.t.s.ComputationStepExecutor] Compute complexity measures | status=SUCCESS | time=24ms
2022.01.10 20:28:09 INFO  ce[AX5FrSmdwgIPvxn9G93t][o.s.c.t.s.ComputationStepExecutor] Load measure computers | status=SUCCESS | time=6ms
2022.01.10 20:28:09 INFO  ce[AX5FrSmdwgIPvxn9G93t][o.s.c.t.s.ComputationStepExecutor] Compute Quality Profile status | status=SUCCESS | time=7ms
2022.01.10 20:28:15 INFO  ce[AX5FrSmdwgIPvxn9G93t][o.s.c.t.s.ComputationStepExecutor] Execute component visitors | status=SUCCESS | time=6128ms
2022.01.10 20:28:15 INFO  ce[AX5FrSmdwgIPvxn9G93t][o.s.c.t.s.ComputationStepExecutor] Checks executed after computation of measures | status=SUCCESS | time=0ms
2022.01.10 20:28:15 INFO  ce[AX5FrSmdwgIPvxn9G93t][o.s.c.t.s.ComputationStepExecutor] Compute Quality Gate measures | status=SUCCESS | time=11ms
2022.01.10 20:28:15 INFO  ce[AX5FrSmdwgIPvxn9G93t][o.s.c.t.s.ComputationStepExecutor] Compute Quality profile measures | status=SUCCESS | time=10ms
2022.01.10 20:28:15 INFO  ce[AX5FrSmdwgIPvxn9G93t][o.s.c.t.s.ComputationStepExecutor] Generate Quality profile events | status=SUCCESS | time=2ms
2022.01.10 20:28:15 INFO  ce[AX5FrSmdwgIPvxn9G93t][o.s.c.t.s.ComputationStepExecutor] Generate Quality gate events | status=SUCCESS | time=2ms
2022.01.10 20:28:15 INFO  ce[AX5FrSmdwgIPvxn9G93t][o.s.c.t.s.ComputationStepExecutor] Check upgrade possibility for not analyzed code files. | status=SUCCESS | time=0ms
2022.01.10 20:28:16 INFO  ce[AX5FrSmdwgIPvxn9G93t][o.s.c.t.s.ComputationStepExecutor] Persist components | status=SUCCESS | time=507ms
2022.01.10 20:28:16 INFO  ce[AX5FrSmdwgIPvxn9G93t][o.s.c.t.s.ComputationStepExecutor] Persist analysis | status=SUCCESS | time=4ms
2022.01.10 20:28:16 INFO  ce[AX5FrSmdwgIPvxn9G93t][o.s.c.t.s.ComputationStepExecutor] Persist analysis properties | status=SUCCESS | time=5ms
2022.01.10 20:28:16 INFO  ce[AX5FrSmdwgIPvxn9G93t][o.s.c.t.s.ComputationStepExecutor] Persist measures | inserts=50 | status=SUCCESS | time=22ms
2022.01.10 20:28:25 INFO  ce[AX5FrSmdwgIPvxn9G93t][o.s.c.t.s.ComputationStepExecutor] Persist live measures | insertsOrUpdates=38675 | status=SUCCESS | time=9014ms
2022.01.10 20:28:27 INFO  ce[AX5FrSmdwgIPvxn9G93t][o.s.c.t.s.ComputationStepExecutor] Persist duplication data | insertsOrUpdates=505 | status=SUCCESS | time=2200ms
2022.01.10 20:28:27 INFO  ce[AX5FrSmdwgIPvxn9G93t][o.s.c.t.s.ComputationStepExecutor] Persist new ad hoc Rules | status=SUCCESS | time=2ms
2022.01.10 20:28:30 INFO  ce[AX5FrSmdwgIPvxn9G93t][o.s.c.t.s.ComputationStepExecutor] Persist issues | cacheSize=3 MB | inserts=5380 | updates=0 | merged=0 | status=SUCCESS | time=2324ms
2022.01.10 20:28:30 INFO  ce[AX5FrSmdwgIPvxn9G93t][o.s.c.t.s.ComputationStepExecutor] Persist project links | status=SUCCESS | time=9ms
2022.01.10 20:28:30 INFO  ce[AX5FrSmdwgIPvxn9G93t][o.s.c.t.s.ComputationStepExecutor] Persist events | status=SUCCESS | time=9ms
2022.01.10 20:28:34 INFO  ce[AX5FrSmdwgIPvxn9G93t][o.s.c.t.s.ComputationStepExecutor] Persist sources | status=SUCCESS | time=4544ms
2022.01.10 20:28:34 INFO  ce[AX5FrSmdwgIPvxn9G93t][o.s.c.t.s.ComputationStepExecutor] Persist cross project duplications | status=SUCCESS | time=0ms
2022.01.10 20:28:34 INFO  ce[AX5FrSmdwgIPvxn9G93t][o.s.c.t.s.ComputationStepExecutor] Enable analysis | status=SUCCESS | time=34ms
2022.01.10 20:28:34 INFO  ce[AX5FrSmdwgIPvxn9G93t][o.s.c.t.s.ComputationStepExecutor] Update last usage date of quality profiles | status=SUCCESS | time=16ms
2022.01.10 20:28:34 INFO  ce[AX5FrSmdwgIPvxn9G93t][o.s.c.t.s.ComputationStepExecutor] Purge db | status=SUCCESS | time=219ms
2022.01.10 20:28:38 INFO  ce[AX5FrSmdwgIPvxn9G93t][o.s.c.t.s.ComputationStepExecutor] Index analysis | status=SUCCESS | time=3426ms
2022.01.10 20:28:38 INFO  ce[AX5FrSmdwgIPvxn9G93t][o.s.c.t.s.ComputationStepExecutor] Update need issue sync for branch | status=SUCCESS | time=2ms
2022.01.10 20:28:38 INFO  ce[AX5FrSmdwgIPvxn9G93t][o.s.c.t.s.ComputationStepExecutor] Send issue notifications | newIssuesNotifs=0 | newIssuesDeliveries=0 | myNewIssuesNotifs=0 | myNewIssuesDeliveries=0 | changesNotifs=0 | changesDeliveries=0 | status=SUCCESS | time=4ms
2022.01.10 20:28:38 INFO  ce[AX5FrSmdwgIPvxn9G93t][o.s.c.t.s.ComputationStepExecutor] Publish task results | status=SUCCESS | time=1ms
2022.01.10 20:28:38 INFO  ce[AX5FrSmdwgIPvxn9G93t][o.s.c.t.s.ComputationStepExecutor] Trigger refresh of Portfolios and Applications | status=SUCCESS | time=0ms
2022.01.10 20:28:38 INFO  ce[AX5FrSmdwgIPvxn9G93t][o.s.c.t.p.a.p.PostProjectAnalysisTasksExecutor] Webhooks | globalWebhooks=0 | projectWebhooks=0 | status=SUCCESS | time=6ms
2022.01.10 20:28:38 INFO  ce[AX5FrSmdwgIPvxn9G93t][o.s.c.t.p.a.p.PostProjectAnalysisTasksExecutor] Pull Request Decoration | status=SUCCESS | time=1ms
2022.01.10 20:28:38 INFO  ce[AX5FrSmdwgIPvxn9G93t][o.s.c.t.CeWorkerImpl] Executed task | project=rentapp:b21faee26e4a338a736b49f95d4d001234a9d179 | type=REPORT | id=AX5FrSmdwgIPvxn9G93t | submitter=admin | status=SUCCESS | time=33489ms
2022.01.10 20:46:04 INFO  ce[][o.s.c.t.CeWorkerImpl] Execute task | project=rentapp:b21faee26e4a338a736b49f95d4d001234a9d179 | type=REPORT | id=AX5Fvaa5wgIPvxn9G93u | submitter=admin
2022.01.10 20:46:04 INFO  ce[AX5Fvaa5wgIPvxn9G93u][o.s.c.t.s.ComputationStepExecutor] Extract report | status=SUCCESS | time=264ms
2022.01.10 20:46:04 INFO  ce[AX5Fvaa5wgIPvxn9G93u][o.s.c.t.s.ComputationStepExecutor] Persist scanner context | status=SUCCESS | time=17ms
2022.01.10 20:46:04 INFO  ce[AX5Fvaa5wgIPvxn9G93u][o.s.c.t.s.ComputationStepExecutor] Propagate analysis warnings from scanner report | status=SUCCESS | time=4ms
2022.01.10 20:46:04 INFO  ce[AX5Fvaa5wgIPvxn9G93u][o.s.c.t.s.ComputationStepExecutor] Generate analysis UUID | status=SUCCESS | time=0ms
2022.01.10 20:46:04 INFO  ce[AX5Fvaa5wgIPvxn9G93u][o.s.c.t.s.ComputationStepExecutor] Load analysis metadata | status=SUCCESS | time=5ms
2022.01.10 20:46:04 INFO  ce[AX5Fvaa5wgIPvxn9G93u][o.s.c.t.s.ComputationStepExecutor] Initialize | status=SUCCESS | time=0ms
2022.01.10 20:46:04 INFO  ce[AX5Fvaa5wgIPvxn9G93u][o.s.c.t.s.ComputationStepExecutor] Build tree of components | components=391 | status=SUCCESS | time=76ms
2022.01.10 20:46:04 INFO  ce[AX5Fvaa5wgIPvxn9G93u][o.s.c.t.s.ComputationStepExecutor] Validate project | status=SUCCESS | time=4ms
2022.01.10 20:46:05 INFO  ce[AX5Fvaa5wgIPvxn9G93u][o.s.c.t.s.ComputationStepExecutor] Load quality profiles | status=SUCCESS | time=1275ms
2022.01.10 20:46:05 INFO  ce[AX5Fvaa5wgIPvxn9G93u][o.s.c.t.s.ComputationStepExecutor] Load Quality gate | status=SUCCESS | time=5ms
2022.01.10 20:46:05 INFO  ce[AX5Fvaa5wgIPvxn9G93u][o.s.c.t.s.ComputationStepExecutor] Load new code period | status=SUCCESS | time=5ms
2022.01.10 20:46:05 INFO  ce[AX5Fvaa5wgIPvxn9G93u][o.s.c.t.s.ComputationStepExecutor] Detect file moves | reportFiles=318 | dbFiles=1176 | addedFiles=0 | status=SUCCESS | time=76ms
2022.01.10 20:46:06 INFO  ce[AX5Fvaa5wgIPvxn9G93u][o.s.c.t.s.ComputationStepExecutor] Load duplications | duplications=18 | status=SUCCESS | time=8ms
2022.01.10 20:46:06 INFO  ce[AX5Fvaa5wgIPvxn9G93u][o.s.c.t.s.ComputationStepExecutor] Compute cross project duplications | status=SUCCESS | time=0ms
2022.01.10 20:46:06 INFO  ce[AX5Fvaa5wgIPvxn9G93u][o.s.c.t.s.ComputationStepExecutor] Compute size measures | status=SUCCESS | time=14ms
2022.01.10 20:46:06 INFO  ce[AX5Fvaa5wgIPvxn9G93u][o.s.c.t.s.ComputationStepExecutor] Compute new coverage | status=SUCCESS | time=910ms
2022.01.10 20:46:06 INFO  ce[AX5Fvaa5wgIPvxn9G93u][o.s.c.t.s.ComputationStepExecutor] Compute coverage measures | status=SUCCESS | time=9ms
2022.01.10 20:46:06 INFO  ce[AX5Fvaa5wgIPvxn9G93u][o.s.c.t.s.ComputationStepExecutor] Compute comment measures | status=SUCCESS | time=2ms
2022.01.10 20:46:06 INFO  ce[AX5Fvaa5wgIPvxn9G93u][o.s.c.t.s.ComputationStepExecutor] Copy custom measures | status=SUCCESS | time=1ms
2022.01.10 20:46:06 INFO  ce[AX5Fvaa5wgIPvxn9G93u][o.s.c.t.s.ComputationStepExecutor] Compute duplication measures | status=SUCCESS | time=1ms
2022.01.10 20:46:06 INFO  ce[AX5Fvaa5wgIPvxn9G93u][o.s.c.t.s.ComputationStepExecutor] Compute size measures on new code | status=SUCCESS | time=5ms
2022.01.10 20:46:06 INFO  ce[AX5Fvaa5wgIPvxn9G93u][o.s.c.t.s.ComputationStepExecutor] Compute language distribution | status=SUCCESS | time=0ms
2022.01.10 20:46:06 INFO  ce[AX5Fvaa5wgIPvxn9G93u][o.s.c.t.s.ComputationStepExecutor] Compute test measures | status=SUCCESS | time=1ms
2022.01.10 20:46:06 INFO  ce[AX5Fvaa5wgIPvxn9G93u][o.s.c.t.s.ComputationStepExecutor] Compute complexity measures | status=SUCCESS | time=1ms
2022.01.10 20:46:06 INFO  ce[AX5Fvaa5wgIPvxn9G93u][o.s.c.t.s.ComputationStepExecutor] Load measure computers | status=SUCCESS | time=0ms
2022.01.10 20:46:06 INFO  ce[AX5Fvaa5wgIPvxn9G93u][o.s.c.t.s.ComputationStepExecutor] Compute Quality Profile status | status=SUCCESS | time=7ms
2022.01.10 20:46:09 INFO  ce[AX5Fvaa5wgIPvxn9G93u][o.s.c.t.s.ComputationStepExecutor] Execute component visitors | status=SUCCESS | time=2612ms
2022.01.10 20:46:09 INFO  ce[AX5Fvaa5wgIPvxn9G93u][o.s.c.t.s.ComputationStepExecutor] Checks executed after computation of measures | status=SUCCESS | time=0ms
2022.01.10 20:46:09 INFO  ce[AX5Fvaa5wgIPvxn9G93u][o.s.c.t.s.ComputationStepExecutor] Compute Quality Gate measures | status=SUCCESS | time=3ms
2022.01.10 20:46:09 INFO  ce[AX5Fvaa5wgIPvxn9G93u][o.s.c.t.s.ComputationStepExecutor] Compute Quality profile measures | status=SUCCESS | time=0ms
2022.01.10 20:46:09 INFO  ce[AX5Fvaa5wgIPvxn9G93u][o.s.c.t.s.ComputationStepExecutor] Generate Quality profile events | status=SUCCESS | time=7ms
2022.01.10 20:46:09 INFO  ce[AX5Fvaa5wgIPvxn9G93u][o.s.c.t.s.ComputationStepExecutor] Generate Quality gate events | status=SUCCESS | time=2ms
2022.01.10 20:46:09 INFO  ce[AX5Fvaa5wgIPvxn9G93u][o.s.c.t.s.ComputationStepExecutor] Check upgrade possibility for not analyzed code files. | status=SUCCESS | time=0ms
2022.01.10 20:46:10 INFO  ce[AX5Fvaa5wgIPvxn9G93u][o.s.c.t.s.ComputationStepExecutor] Persist components | status=SUCCESS | time=611ms
2022.01.10 20:46:10 INFO  ce[AX5Fvaa5wgIPvxn9G93u][o.s.c.t.s.ComputationStepExecutor] Persist analysis | status=SUCCESS | time=3ms
2022.01.10 20:46:10 INFO  ce[AX5Fvaa5wgIPvxn9G93u][o.s.c.t.s.ComputationStepExecutor] Persist analysis properties | status=SUCCESS | time=7ms
2022.01.10 20:46:10 INFO  ce[AX5Fvaa5wgIPvxn9G93u][o.s.c.t.s.ComputationStepExecutor] Persist measures | inserts=52 | status=SUCCESS | time=16ms
2022.01.10 20:46:15 INFO  ce[AX5Fvaa5wgIPvxn9G93u][o.s.c.t.s.ComputationStepExecutor] Persist live measures | insertsOrUpdates=14280 | status=SUCCESS | time=4803ms
2022.01.10 20:46:15 INFO  ce[AX5Fvaa5wgIPvxn9G93u][o.s.c.t.s.ComputationStepExecutor] Persist duplication data | insertsOrUpdates=0 | status=SUCCESS | time=13ms
2022.01.10 20:46:15 INFO  ce[AX5Fvaa5wgIPvxn9G93u][o.s.c.t.s.ComputationStepExecutor] Persist new ad hoc Rules | status=SUCCESS | time=0ms
2022.01.10 20:46:19 INFO  ce[AX5Fvaa5wgIPvxn9G93u][o.s.c.t.s.ComputationStepExecutor] Persist issues | cacheSize=4 MB | inserts=0 | updates=4839 | merged=0 | status=SUCCESS | time=4051ms
2022.01.10 20:46:19 INFO  ce[AX5Fvaa5wgIPvxn9G93u][o.s.c.t.s.ComputationStepExecutor] Persist project links | status=SUCCESS | time=2ms
2022.01.10 20:46:19 INFO  ce[AX5Fvaa5wgIPvxn9G93u][o.s.c.t.s.ComputationStepExecutor] Persist events | status=SUCCESS | time=2ms
2022.01.10 20:46:19 INFO  ce[AX5Fvaa5wgIPvxn9G93u][o.s.c.t.s.ComputationStepExecutor] Persist sources | status=SUCCESS | time=264ms
2022.01.10 20:46:19 INFO  ce[AX5Fvaa5wgIPvxn9G93u][o.s.c.t.s.ComputationStepExecutor] Persist cross project duplications | status=SUCCESS | time=0ms
2022.01.10 20:46:20 INFO  ce[AX5Fvaa5wgIPvxn9G93u][o.s.c.t.s.ComputationStepExecutor] Enable analysis | status=SUCCESS | time=742ms
2022.01.10 20:46:20 INFO  ce[AX5Fvaa5wgIPvxn9G93u][o.s.c.t.s.ComputationStepExecutor] Update last usage date of quality profiles | status=SUCCESS | time=7ms
2022.01.10 20:46:27 INFO  ce[AX5Fvaa5wgIPvxn9G93u][o.s.c.t.s.ComputationStepExecutor] Purge db | status=SUCCESS | time=7058ms
2022.01.10 20:46:30 INFO  ce[AX5Fvaa5wgIPvxn9G93u][o.s.c.t.s.ComputationStepExecutor] Index analysis | status=SUCCESS | time=3531ms
2022.01.10 20:46:30 INFO  ce[AX5Fvaa5wgIPvxn9G93u][o.s.c.t.s.ComputationStepExecutor] Update need issue sync for branch | status=SUCCESS | time=3ms
2022.01.10 20:46:30 INFO  ce[AX5Fvaa5wgIPvxn9G93u][o.s.c.t.s.ComputationStepExecutor] Send issue notifications | newIssuesNotifs=0 | newIssuesDeliveries=0 | myNewIssuesNotifs=0 | myNewIssuesDeliveries=0 | changesNotifs=0 | changesDeliveries=0 | status=SUCCESS | time=4ms
2022.01.10 20:46:30 INFO  ce[AX5Fvaa5wgIPvxn9G93u][o.s.c.t.s.ComputationStepExecutor] Publish task results | status=SUCCESS | time=0ms
2022.01.10 20:46:30 INFO  ce[AX5Fvaa5wgIPvxn9G93u][o.s.c.t.s.ComputationStepExecutor] Trigger refresh of Portfolios and Applications | status=SUCCESS | time=0ms
2022.01.10 20:46:30 INFO  ce[AX5Fvaa5wgIPvxn9G93u][o.s.c.t.p.a.p.PostProjectAnalysisTasksExecutor] Webhooks | globalWebhooks=0 | projectWebhooks=0 | status=SUCCESS | time=4ms
2022.01.10 20:46:30 INFO  ce[AX5Fvaa5wgIPvxn9G93u][o.s.c.t.p.a.p.PostProjectAnalysisTasksExecutor] Pull Request Decoration | status=SUCCESS | time=0ms
2022.01.10 20:46:30 INFO  ce[AX5Fvaa5wgIPvxn9G93u][o.s.c.t.CeWorkerImpl] Executed task | project=rentapp:b21faee26e4a338a736b49f95d4d001234a9d179 | type=REPORT | id=AX5Fvaa5wgIPvxn9G93u | submitter=admin | status=SUCCESS | time=26712ms
