2023.06.30 04:36:02 INFO  ce[][o.s.p.ProcessEntryPoint] Starting Compute Engine
2023.06.30 04:36:02 INFO  ce[][o.s.ce.app.CeServer] Compute Engine starting up...
2023.06.30 04:36:02 INFO  ce[][o.sonar.db.Database] Create JDBC data source for jdbc:h2:tcp://127.0.0.1:9092/sonar;NON_KEYWORDS=VALUE
2023.06.30 04:36:02 INFO  ce[][c.z.h.HikariDataSource] HikariPool-1 - Starting...
2023.06.30 04:36:02 INFO  ce[][c.z.h.p.HikariPool] HikariPool-1 - Added connection conn0: url=jdbc:h2:tcp://127.0.0.1:9092/sonar user=
2023.06.30 04:36:02 INFO  ce[][c.z.h.HikariDataSource] HikariPool-1 - Start completed.
2023.06.30 04:36:02 WARN  ce[][o.s.db.dialect.H2] H2 database should be used for evaluation purpose only.
2023.06.30 04:36:03 INFO  ce[][o.s.s.p.ServerFileSystemImpl] SonarQube home: /opt/sonarqube
2023.06.30 04:36:03 INFO  ce[][o.s.c.c.CePluginRepository] Load plugins
2023.06.30 04:36:04 INFO  ce[][o.s.c.c.ComputeEngineContainerImpl] Running Community edition
2023.06.30 04:36:04 INFO  ce[][o.s.ce.app.CeServer] Compute Engine is started
2023.06.30 04:42:00 INFO  ce[][o.s.p.ProcessEntryPoint] Gracefully stopping process
2023.06.30 04:42:00 INFO  ce[][o.s.ce.app.CeServer] Compute Engine is stopping...
2023.06.30 04:42:00 INFO  ce[][o.s.c.t.CeProcessingSchedulerImpl] Gracefully stopping workers...
2023.06.30 04:42:00 INFO  ce[][c.z.h.HikariDataSource] HikariPool-1 - Shutdown initiated...
2023.06.30 04:42:00 INFO  ce[][c.z.h.HikariDataSource] HikariPool-1 - Shutdown completed.
2023.06.30 04:42:00 INFO  ce[][o.s.ce.app.CeServer] Compute Engine is stopped
2023.06.30 04:42:23 INFO  ce[][o.s.p.ProcessEntryPoint] Starting Compute Engine
2023.06.30 04:42:23 INFO  ce[][o.s.ce.app.CeServer] Compute Engine starting up...
2023.06.30 04:42:24 INFO  ce[][o.sonar.db.Database] Create JDBC data source for jdbc:h2:tcp://127.0.0.1:9092/sonar;NON_KEYWORDS=VALUE
2023.06.30 04:42:24 INFO  ce[][c.z.h.HikariDataSource] HikariPool-1 - Starting...
2023.06.30 04:42:24 INFO  ce[][c.z.h.p.HikariPool] HikariPool-1 - Added connection conn0: url=jdbc:h2:tcp://127.0.0.1:9092/sonar user=
2023.06.30 04:42:24 INFO  ce[][c.z.h.HikariDataSource] HikariPool-1 - Start completed.
2023.06.30 04:42:24 WARN  ce[][o.s.db.dialect.H2] H2 database should be used for evaluation purpose only.
2023.06.30 04:42:24 INFO  ce[][o.s.s.p.ServerFileSystemImpl] SonarQube home: /opt/sonarqube
2023.06.30 04:42:25 INFO  ce[][o.s.c.c.CePluginRepository] Load plugins
2023.06.30 04:42:26 INFO  ce[][o.s.c.c.ComputeEngineContainerImpl] Running Community edition
2023.06.30 04:42:26 INFO  ce[][o.s.ce.app.CeServer] Compute Engine is started
2023.06.30 06:17:09 WARN  ce[][c.z.h.p.HikariPool] HikariPool-1 - Thread starvation or clock leap detected (housekeeper delta=1h4m15s25ms672µs144ns).
2023.06.30 08:05:13 WARN  ce[][c.z.h.p.HikariPool] HikariPool-1 - Thread starvation or clock leap detected (housekeeper delta=1h47m33s990ms890µs409ns).
2023.06.30 09:53:17 WARN  ce[][c.z.h.p.HikariPool] HikariPool-1 - Thread starvation or clock leap detected (housekeeper delta=1h47m33s839ms256µs148ns).
2023.06.30 11:41:21 WARN  ce[][c.z.h.p.HikariPool] HikariPool-1 - Thread starvation or clock leap detected (housekeeper delta=1h47m33s545ms354µs855ns).
2023.06.30 12:03:31 WARN  ce[][c.z.h.p.HikariPool] HikariPool-1 - Thread starvation or clock leap detected (housekeeper delta=21m39s938ms646µs32ns).
2023.06.30 13:31:38 WARN  ce[][c.z.h.p.HikariPool] HikariPool-1 - Thread starvation or clock leap detected (housekeeper delta=1h28m6s917ms581µs166ns).
2023.06.30 15:19:42 WARN  ce[][c.z.h.p.HikariPool] HikariPool-1 - Thread starvation or clock leap detected (housekeeper delta=1h47m33s985ms30µs960ns).
2023.06.30 17:07:46 WARN  ce[][c.z.h.p.HikariPool] HikariPool-1 - Thread starvation or clock leap detected (housekeeper delta=1h47m33s251ms414µs118ns).
2023.06.30 17:13:53 WARN  ce[][c.z.h.p.HikariPool] HikariPool-1 - Thread starvation or clock leap detected (housekeeper delta=6m7s15ms261µs636ns).
2023.06.30 17:36:23 WARN  ce[][c.z.h.p.HikariPool] HikariPool-1 - Thread starvation or clock leap detected (housekeeper delta=21m59s304ms352µs796ns).
2023.06.30 17:48:27 INFO  ce[][o.s.p.ProcessEntryPoint] Gracefully stopping process
2023.06.30 17:48:28 INFO  ce[][o.s.ce.app.CeServer] Compute Engine is stopping...
2023.06.30 17:48:28 INFO  ce[][o.s.c.t.CeProcessingSchedulerImpl] Gracefully stopping workers...
2023.06.30 17:48:28 INFO  ce[][c.z.h.HikariDataSource] HikariPool-1 - Shutdown initiated...
2023.06.30 17:48:28 INFO  ce[][c.z.h.HikariDataSource] HikariPool-1 - Shutdown completed.
2023.06.30 17:48:28 INFO  ce[][o.s.ce.app.CeServer] Compute Engine is stopped
