2023.06.30 04:34:01 INFO  es[][o.e.n.Node] version[7.17.8], pid[26], build[default/tar/120eabe1c8a0cb2ae87cffc109a5b65d213e9df1/2022-12-02T17:33:09.727072865Z], OS[Linux/5.15.49-linuxkit-pr/amd64], JVM[Eclipse Adoptium/OpenJDK 64-Bit Server VM/17.0.6/17.0.6+10]
2023.06.30 04:34:01 INFO  es[][o.e.n.Node] JVM home [/opt/java/openjdk]
2023.06.30 04:34:01 INFO  es[][o.e.n.Node] JVM arguments [-XX:+UseG1GC, -Djava.io.tmpdir=/opt/sonarqube/temp, -XX:ErrorFile=/opt/sonarqube/logs/es_hs_err_pid%p.log, -Des.networkaddress.cache.ttl=60, -Des.networkaddress.cache.negative.ttl=10, -XX:+AlwaysPreTouch, -Xss1m, -Djava.awt.headless=true, -Dfile.encoding=UTF-8, -Djna.nosys=true, -Djna.tmpdir=/opt/sonarqube/temp, -XX:-OmitStackTraceInFastThrow, -Dio.netty.noUnsafe=true, -Dio.netty.noKeySetOptimization=true, -Dio.netty.recycler.maxCapacityPerThread=0, -Dio.netty.allocator.numDirectArenas=0, -Dlog4j.shutdownHookEnabled=false, -Dlog4j2.disable.jmx=true, -Dlog4j2.formatMsgNoLookups=true, -Djava.locale.providers=COMPAT, -Dcom.redhat.fips=false, -Xmx512m, -Xms512m, -XX:MaxDirectMemorySize=256m, -XX:+HeapDumpOnOutOfMemoryError, -Des.path.home=/opt/sonarqube/elasticsearch, -Des.path.conf=/opt/sonarqube/temp/conf/es, -Des.distribution.flavor=default, -Des.distribution.type=tar, -Des.bundled_jdk=false]
2023.06.30 04:34:01 INFO  es[][o.e.p.PluginsService] loaded module [analysis-common]
2023.06.30 04:34:01 INFO  es[][o.e.p.PluginsService] loaded module [lang-painless]
2023.06.30 04:34:01 INFO  es[][o.e.p.PluginsService] loaded module [parent-join]
2023.06.30 04:34:01 INFO  es[][o.e.p.PluginsService] loaded module [reindex]
2023.06.30 04:34:01 INFO  es[][o.e.p.PluginsService] loaded module [transport-netty4]
2023.06.30 04:34:01 INFO  es[][o.e.p.PluginsService] no plugins loaded
2023.06.30 04:34:01 INFO  es[][o.e.e.NodeEnvironment] using [1] data paths, mounts [[/opt/sonarqube/data (/host_mark/Users/manjunathmuniraju/Work)]], net usable_space [42.3gb], net total_space [931.5gb], types [fakeowner]
2023.06.30 04:34:01 INFO  es[][o.e.e.NodeEnvironment] heap size [512mb], compressed ordinary object pointers [true]
2023.06.30 04:34:01 INFO  es[][o.e.n.Node] node name [sonarqube], node ID [YsRHEQP0TVujeUdGHWIBBA], cluster name [sonarqube], roles [data_frozen, master, remote_cluster_client, data, data_content, data_hot, data_warm, data_cold, ingest]
2023.06.30 04:34:03 INFO  es[][o.e.t.NettyAllocator] creating NettyAllocator with the following configs: [name=unpooled, suggested_max_allocation_size=256kb, factors={es.unsafe.use_unpooled_allocator=null, g1gc_enabled=true, g1gc_region_size=1mb, heap_size=512mb}]
2023.06.30 04:34:03 INFO  es[][o.e.i.r.RecoverySettings] using rate limit [40mb] with [default=40mb, read=0b, write=0b, max=0b]
2023.06.30 04:34:03 INFO  es[][o.e.d.DiscoveryModule] using discovery type [zen] and seed hosts providers [settings]
2023.06.30 04:34:04 INFO  es[][o.e.g.DanglingIndicesState] gateway.auto_import_dangling_indices is disabled, dangling indices will not be automatically detected or imported and must be managed manually
2023.06.30 04:34:04 INFO  es[][o.e.n.Node] initialized
2023.06.30 04:34:04 INFO  es[][o.e.n.Node] starting ...
2023.06.30 04:34:04 INFO  es[][o.e.t.TransportService] publish_address {127.0.0.1:39167}, bound_addresses {127.0.0.1:39167}
2023.06.30 04:34:04 INFO  es[][o.e.c.c.Coordinator] setting initial configuration to VotingConfiguration{YsRHEQP0TVujeUdGHWIBBA}
2023.06.30 04:34:04 INFO  es[][o.e.c.s.MasterService] elected-as-master ([1] nodes joined)[{sonarqube}{YsRHEQP0TVujeUdGHWIBBA}{VWLg4rfvTdGmXuM924_qfA}{127.0.0.1}{127.0.0.1:39167}{cdfhimrsw} elect leader, _BECOME_MASTER_TASK_, _FINISH_ELECTION_], term: 1, version: 1, delta: master node changed {previous [], current [{sonarqube}{YsRHEQP0TVujeUdGHWIBBA}{VWLg4rfvTdGmXuM924_qfA}{127.0.0.1}{127.0.0.1:39167}{cdfhimrsw}]}
2023.06.30 04:34:04 INFO  es[][o.e.c.c.CoordinationState] cluster UUID set to [rDIsqsq1RtmPMiGYSM8GfQ]
2023.06.30 04:34:04 INFO  es[][o.e.c.s.ClusterApplierService] master node changed {previous [], current [{sonarqube}{YsRHEQP0TVujeUdGHWIBBA}{VWLg4rfvTdGmXuM924_qfA}{127.0.0.1}{127.0.0.1:39167}{cdfhimrsw}]}, term: 1, version: 1, reason: Publication{term=1, version=1}
2023.06.30 04:34:04 WARN  es[][o.e.c.r.a.DiskThresholdMonitor] flood stage disk watermark [95%] exceeded on [YsRHEQP0TVujeUdGHWIBBA][sonarqube][/opt/sonarqube/data/es7/nodes/0] free: 42.3gb[4.5%], all indices on this node will be marked read-only
2023.06.30 04:34:04 INFO  es[][o.e.h.AbstractHttpServerTransport] publish_address {127.0.0.1:9001}, bound_addresses {127.0.0.1:9001}
2023.06.30 04:34:04 INFO  es[][o.e.n.Node] started
2023.06.30 04:34:04 INFO  es[][o.e.g.GatewayService] recovered [0] indices into cluster_state
2023.06.30 04:34:11 INFO  es[][o.e.c.m.MetadataCreateIndexService] [metadatas] creating index, cause [api], templates [], shards [1]/[0]
2023.06.30 04:34:11 INFO  es[][o.e.c.r.a.AllocationService] Cluster health status changed from [YELLOW] to [GREEN] (reason: [shards started [[metadatas][0]]]).
2023.06.30 04:34:11 INFO  es[][o.e.c.m.MetadataMappingService] [metadatas/J5Uu1X_TQH2pHZd720itRw] create_mapping [metadata]
2023.06.30 04:34:11 INFO  es[][o.e.c.m.MetadataCreateIndexService] [components] creating index, cause [api], templates [], shards [5]/[0]
2023.06.30 04:34:12 INFO  es[][o.e.c.r.a.AllocationService] Cluster health status changed from [YELLOW] to [GREEN] (reason: [shards started [[components][4]]]).
2023.06.30 04:34:12 INFO  es[][o.e.c.m.MetadataMappingService] [components/uO3pkbMPTJWcncduIZkH9w] create_mapping [auth]
2023.06.30 04:34:12 INFO  es[][o.e.c.m.MetadataCreateIndexService] [projectmeasures] creating index, cause [api], templates [], shards [5]/[0]
2023.06.30 04:34:13 INFO  es[][o.e.c.r.a.AllocationService] Cluster health status changed from [YELLOW] to [GREEN] (reason: [shards started [[projectmeasures][4]]]).
2023.06.30 04:34:13 INFO  es[][o.e.c.m.MetadataMappingService] [projectmeasures/t_PCfGUDRrWo1-_E_NrBaQ] create_mapping [auth]
2023.06.30 04:34:13 INFO  es[][o.e.c.m.MetadataCreateIndexService] [rules] creating index, cause [api], templates [], shards [2]/[0]
2023.06.30 04:34:13 INFO  es[][o.e.c.r.a.AllocationService] Cluster health status changed from [YELLOW] to [GREEN] (reason: [shards started [[rules][0]]]).
2023.06.30 04:34:13 INFO  es[][o.e.c.m.MetadataMappingService] [rules/5LTksU1xRT2k41cou2zdmw] create_mapping [rule]
2023.06.30 04:34:14 INFO  es[][o.e.c.m.MetadataCreateIndexService] [issues] creating index, cause [api], templates [], shards [5]/[0]
2023.06.30 04:34:14 INFO  es[][o.e.c.r.a.AllocationService] Cluster health status changed from [YELLOW] to [GREEN] (reason: [shards started [[issues][4]]]).
2023.06.30 04:34:14 INFO  es[][o.e.c.m.MetadataMappingService] [issues/iqnj6cdfR4aLPHZxf9ORCA] create_mapping [auth]
2023.06.30 04:34:14 INFO  es[][o.e.c.m.MetadataCreateIndexService] [users] creating index, cause [api], templates [], shards [1]/[0]
2023.06.30 04:34:15 INFO  es[][o.e.c.r.a.AllocationService] Cluster health status changed from [YELLOW] to [GREEN] (reason: [shards started [[users][0]]]).
2023.06.30 04:34:15 INFO  es[][o.e.c.m.MetadataMappingService] [users/v4KjqoBjRuKyT3LjOp1Y9w] create_mapping [user]
2023.06.30 04:34:15 INFO  es[][o.e.c.m.MetadataCreateIndexService] [views] creating index, cause [api], templates [], shards [5]/[0]
2023.06.30 04:34:15 INFO  es[][o.e.c.r.a.AllocationService] Cluster health status changed from [YELLOW] to [GREEN] (reason: [shards started [[views][4]]]).
2023.06.30 04:34:15 INFO  es[][o.e.c.m.MetadataMappingService] [views/9kaXhhVlSZONABz2GHhPXw] create_mapping [view]
2023.06.30 04:34:34 WARN  es[][o.e.c.r.a.DiskThresholdMonitor] flood stage disk watermark [95%] exceeded on [YsRHEQP0TVujeUdGHWIBBA][sonarqube][/opt/sonarqube/data/es7/nodes/0] free: 42.3gb[4.5%], all indices on this node will be marked read-only
2023.06.30 04:35:04 WARN  es[][o.e.c.r.a.DiskThresholdMonitor] flood stage disk watermark [95%] exceeded on [YsRHEQP0TVujeUdGHWIBBA][sonarqube][/opt/sonarqube/data/es7/nodes/0] free: 42.3gb[4.5%], all indices on this node will be marked read-only
2023.06.30 04:35:29 INFO  es[][o.e.n.Node] stopping ...
2023.06.30 04:35:29 INFO  es[][o.e.n.Node] stopped
2023.06.30 04:35:29 INFO  es[][o.e.n.Node] closing ...
2023.06.30 04:35:29 INFO  es[][o.e.n.Node] closed
2023.06.30 04:35:31 INFO  es[][o.e.n.Node] version[7.17.8], pid[26], build[default/tar/120eabe1c8a0cb2ae87cffc109a5b65d213e9df1/2022-12-02T17:33:09.727072865Z], OS[Linux/5.15.49-linuxkit-pr/amd64], JVM[Eclipse Adoptium/OpenJDK 64-Bit Server VM/17.0.6/17.0.6+10]
2023.06.30 04:35:31 INFO  es[][o.e.n.Node] JVM home [/opt/java/openjdk]
2023.06.30 04:35:31 INFO  es[][o.e.n.Node] JVM arguments [-XX:+UseG1GC, -Djava.io.tmpdir=/opt/sonarqube/temp, -XX:ErrorFile=/opt/sonarqube/logs/es_hs_err_pid%p.log, -Des.networkaddress.cache.ttl=60, -Des.networkaddress.cache.negative.ttl=10, -XX:+AlwaysPreTouch, -Xss1m, -Djava.awt.headless=true, -Dfile.encoding=UTF-8, -Djna.nosys=true, -Djna.tmpdir=/opt/sonarqube/temp, -XX:-OmitStackTraceInFastThrow, -Dio.netty.noUnsafe=true, -Dio.netty.noKeySetOptimization=true, -Dio.netty.recycler.maxCapacityPerThread=0, -Dio.netty.allocator.numDirectArenas=0, -Dlog4j.shutdownHookEnabled=false, -Dlog4j2.disable.jmx=true, -Dlog4j2.formatMsgNoLookups=true, -Djava.locale.providers=COMPAT, -Dcom.redhat.fips=false, -Xmx512m, -Xms512m, -XX:MaxDirectMemorySize=256m, -XX:+HeapDumpOnOutOfMemoryError, -Des.path.home=/opt/sonarqube/elasticsearch, -Des.path.conf=/opt/sonarqube/temp/conf/es, -Des.distribution.flavor=default, -Des.distribution.type=tar, -Des.bundled_jdk=false]
2023.06.30 04:35:32 INFO  es[][o.e.p.PluginsService] loaded module [analysis-common]
2023.06.30 04:35:32 INFO  es[][o.e.p.PluginsService] loaded module [lang-painless]
2023.06.30 04:35:32 INFO  es[][o.e.p.PluginsService] loaded module [parent-join]
2023.06.30 04:35:32 INFO  es[][o.e.p.PluginsService] loaded module [reindex]
2023.06.30 04:35:32 INFO  es[][o.e.p.PluginsService] loaded module [transport-netty4]
2023.06.30 04:35:32 INFO  es[][o.e.p.PluginsService] no plugins loaded
2023.06.30 04:35:32 INFO  es[][o.e.e.NodeEnvironment] using [1] data paths, mounts [[/opt/sonarqube/data (/host_mark/Users/manjunathmuniraju/Work)]], net usable_space [42.3gb], net total_space [931.5gb], types [fakeowner]
2023.06.30 04:35:32 INFO  es[][o.e.e.NodeEnvironment] heap size [512mb], compressed ordinary object pointers [true]
2023.06.30 04:35:32 INFO  es[][o.e.n.Node] node name [sonarqube], node ID [YsRHEQP0TVujeUdGHWIBBA], cluster name [sonarqube], roles [data_frozen, master, remote_cluster_client, data, data_content, data_hot, data_warm, data_cold, ingest]
2023.06.30 04:35:34 INFO  es[][o.e.t.NettyAllocator] creating NettyAllocator with the following configs: [name=unpooled, suggested_max_allocation_size=256kb, factors={es.unsafe.use_unpooled_allocator=null, g1gc_enabled=true, g1gc_region_size=1mb, heap_size=512mb}]
2023.06.30 04:35:34 INFO  es[][o.e.i.r.RecoverySettings] using rate limit [40mb] with [default=40mb, read=0b, write=0b, max=0b]
2023.06.30 04:35:34 INFO  es[][o.e.d.DiscoveryModule] using discovery type [zen] and seed hosts providers [settings]
2023.06.30 04:35:34 INFO  es[][o.e.g.DanglingIndicesState] gateway.auto_import_dangling_indices is disabled, dangling indices will not be automatically detected or imported and must be managed manually
2023.06.30 04:35:34 INFO  es[][o.e.n.Node] initialized
2023.06.30 04:35:34 INFO  es[][o.e.n.Node] starting ...
2023.06.30 04:35:35 INFO  es[][o.e.t.TransportService] publish_address {127.0.0.1:43895}, bound_addresses {127.0.0.1:43895}
2023.06.30 04:35:35 INFO  es[][o.e.c.c.Coordinator] cluster UUID [rDIsqsq1RtmPMiGYSM8GfQ]
2023.06.30 04:35:35 INFO  es[][o.e.c.s.MasterService] elected-as-master ([1] nodes joined)[{sonarqube}{YsRHEQP0TVujeUdGHWIBBA}{GspwCdplTpmCxkrl1xdtHg}{127.0.0.1}{127.0.0.1:43895}{cdfhimrsw} elect leader, _BECOME_MASTER_TASK_, _FINISH_ELECTION_], term: 2, version: 38, delta: master node changed {previous [], current [{sonarqube}{YsRHEQP0TVujeUdGHWIBBA}{GspwCdplTpmCxkrl1xdtHg}{127.0.0.1}{127.0.0.1:43895}{cdfhimrsw}]}
2023.06.30 04:35:35 INFO  es[][o.e.c.s.ClusterApplierService] master node changed {previous [], current [{sonarqube}{YsRHEQP0TVujeUdGHWIBBA}{GspwCdplTpmCxkrl1xdtHg}{127.0.0.1}{127.0.0.1:43895}{cdfhimrsw}]}, term: 2, version: 38, reason: Publication{term=2, version=38}
2023.06.30 04:35:35 WARN  es[][o.e.c.r.a.DiskThresholdMonitor] flood stage disk watermark [95%] exceeded on [YsRHEQP0TVujeUdGHWIBBA][sonarqube][/opt/sonarqube/data/es7/nodes/0] free: 42.3gb[4.5%], all indices on this node will be marked read-only
2023.06.30 04:35:35 INFO  es[][o.e.h.AbstractHttpServerTransport] publish_address {127.0.0.1:9001}, bound_addresses {127.0.0.1:9001}
2023.06.30 04:35:35 INFO  es[][o.e.n.Node] started
2023.06.30 04:35:35 INFO  es[][o.e.g.GatewayService] recovered [7] indices into cluster_state
2023.06.30 04:35:37 INFO  es[][o.e.c.r.a.AllocationService] Cluster health status changed from [RED] to [GREEN] (reason: [shards started [[metadatas][0]]]).
2023.06.30 04:36:01 INFO  es[][o.e.c.s.IndexScopedSettings] updating [index.refresh_interval] from [30s] to [-1]
2023.06.30 04:36:01 INFO  es[][o.e.c.s.IndexScopedSettings] updating [index.refresh_interval] from [30s] to [-1]
2023.06.30 04:36:01 INFO  es[][o.e.c.s.IndexScopedSettings] updating [index.refresh_interval] from [-1] to [30s]
2023.06.30 04:36:01 INFO  es[][o.e.c.s.IndexScopedSettings] updating [index.refresh_interval] from [-1] to [30s]
2023.06.30 04:36:01 INFO  es[][o.e.c.s.IndexScopedSettings] updating [index.refresh_interval] from [30s] to [-1]
2023.06.30 04:36:01 INFO  es[][o.e.c.s.IndexScopedSettings] updating [index.refresh_interval] from [30s] to [-1]
2023.06.30 04:36:01 INFO  es[][o.e.c.s.IndexScopedSettings] updating [index.refresh_interval] from [-1] to [30s]
2023.06.30 04:36:01 INFO  es[][o.e.c.s.IndexScopedSettings] updating [index.refresh_interval] from [-1] to [30s]
2023.06.30 04:36:05 WARN  es[][o.e.c.r.a.DiskThresholdMonitor] flood stage disk watermark [95%] exceeded on [YsRHEQP0TVujeUdGHWIBBA][sonarqube][/opt/sonarqube/data/es7/nodes/0] free: 42.3gb[4.5%], all indices on this node will be marked read-only
2023.06.30 04:36:35 WARN  es[][o.e.c.r.a.DiskThresholdMonitor] flood stage disk watermark [95%] exceeded on [YsRHEQP0TVujeUdGHWIBBA][sonarqube][/opt/sonarqube/data/es7/nodes/0] free: 42.3gb[4.5%], all indices on this node will be marked read-only
2023.06.30 04:37:05 WARN  es[][o.e.c.r.a.DiskThresholdMonitor] flood stage disk watermark [95%] exceeded on [YsRHEQP0TVujeUdGHWIBBA][sonarqube][/opt/sonarqube/data/es7/nodes/0] free: 42.1gb[4.5%], all indices on this node will be marked read-only
2023.06.30 04:37:35 WARN  es[][o.e.c.r.a.DiskThresholdMonitor] flood stage disk watermark [95%] exceeded on [YsRHEQP0TVujeUdGHWIBBA][sonarqube][/opt/sonarqube/data/es7/nodes/0] free: 42.1gb[4.5%], all indices on this node will be marked read-only
2023.06.30 04:38:05 WARN  es[][o.e.c.r.a.DiskThresholdMonitor] flood stage disk watermark [95%] exceeded on [YsRHEQP0TVujeUdGHWIBBA][sonarqube][/opt/sonarqube/data/es7/nodes/0] free: 42.1gb[4.5%], all indices on this node will be marked read-only
2023.06.30 04:38:35 WARN  es[][o.e.c.r.a.DiskThresholdMonitor] flood stage disk watermark [95%] exceeded on [YsRHEQP0TVujeUdGHWIBBA][sonarqube][/opt/sonarqube/data/es7/nodes/0] free: 42.1gb[4.5%], all indices on this node will be marked read-only
2023.06.30 04:39:05 WARN  es[][o.e.c.r.a.DiskThresholdMonitor] flood stage disk watermark [95%] exceeded on [YsRHEQP0TVujeUdGHWIBBA][sonarqube][/opt/sonarqube/data/es7/nodes/0] free: 42.1gb[4.5%], all indices on this node will be marked read-only
2023.06.30 04:39:35 WARN  es[][o.e.c.r.a.DiskThresholdMonitor] flood stage disk watermark [95%] exceeded on [YsRHEQP0TVujeUdGHWIBBA][sonarqube][/opt/sonarqube/data/es7/nodes/0] free: 42.1gb[4.5%], all indices on this node will be marked read-only
2023.06.30 04:40:05 WARN  es[][o.e.c.r.a.DiskThresholdMonitor] flood stage disk watermark [95%] exceeded on [YsRHEQP0TVujeUdGHWIBBA][sonarqube][/opt/sonarqube/data/es7/nodes/0] free: 42.1gb[4.5%], all indices on this node will be marked read-only
2023.06.30 04:40:35 WARN  es[][o.e.c.r.a.DiskThresholdMonitor] flood stage disk watermark [95%] exceeded on [YsRHEQP0TVujeUdGHWIBBA][sonarqube][/opt/sonarqube/data/es7/nodes/0] free: 42.1gb[4.5%], all indices on this node will be marked read-only
2023.06.30 04:41:05 WARN  es[][o.e.c.r.a.DiskThresholdMonitor] flood stage disk watermark [95%] exceeded on [YsRHEQP0TVujeUdGHWIBBA][sonarqube][/opt/sonarqube/data/es7/nodes/0] free: 41.1gb[4.4%], all indices on this node will be marked read-only
2023.06.30 04:41:35 WARN  es[][o.e.c.r.a.DiskThresholdMonitor] flood stage disk watermark [95%] exceeded on [YsRHEQP0TVujeUdGHWIBBA][sonarqube][/opt/sonarqube/data/es7/nodes/0] free: 42.2gb[4.5%], all indices on this node will be marked read-only
2023.06.30 04:42:01 INFO  es[][o.e.n.Node] stopping ...
2023.06.30 04:42:01 INFO  es[][o.e.n.Node] stopped
2023.06.30 04:42:01 INFO  es[][o.e.n.Node] closing ...
2023.06.30 04:42:01 INFO  es[][o.e.n.Node] closed
2023.06.30 04:42:02 INFO  es[][o.e.n.Node] version[7.17.8], pid[362], build[default/tar/120eabe1c8a0cb2ae87cffc109a5b65d213e9df1/2022-12-02T17:33:09.727072865Z], OS[Linux/5.15.49-linuxkit-pr/amd64], JVM[Eclipse Adoptium/OpenJDK 64-Bit Server VM/17.0.6/17.0.6+10]
2023.06.30 04:42:02 INFO  es[][o.e.n.Node] JVM home [/opt/java/openjdk]
2023.06.30 04:42:02 INFO  es[][o.e.n.Node] JVM arguments [-XX:+UseG1GC, -Djava.io.tmpdir=/opt/sonarqube/temp, -XX:ErrorFile=/opt/sonarqube/logs/es_hs_err_pid%p.log, -Des.networkaddress.cache.ttl=60, -Des.networkaddress.cache.negative.ttl=10, -XX:+AlwaysPreTouch, -Xss1m, -Djava.awt.headless=true, -Dfile.encoding=UTF-8, -Djna.nosys=true, -Djna.tmpdir=/opt/sonarqube/temp, -XX:-OmitStackTraceInFastThrow, -Dio.netty.noUnsafe=true, -Dio.netty.noKeySetOptimization=true, -Dio.netty.recycler.maxCapacityPerThread=0, -Dio.netty.allocator.numDirectArenas=0, -Dlog4j.shutdownHookEnabled=false, -Dlog4j2.disable.jmx=true, -Dlog4j2.formatMsgNoLookups=true, -Djava.locale.providers=COMPAT, -Dcom.redhat.fips=false, -Xmx512m, -Xms512m, -XX:MaxDirectMemorySize=256m, -XX:+HeapDumpOnOutOfMemoryError, -Des.path.home=/opt/sonarqube/elasticsearch, -Des.path.conf=/opt/sonarqube/temp/conf/es, -Des.distribution.flavor=default, -Des.distribution.type=tar, -Des.bundled_jdk=false]
2023.06.30 04:42:03 INFO  es[][o.e.p.PluginsService] loaded module [analysis-common]
2023.06.30 04:42:03 INFO  es[][o.e.p.PluginsService] loaded module [lang-painless]
2023.06.30 04:42:03 INFO  es[][o.e.p.PluginsService] loaded module [parent-join]
2023.06.30 04:42:03 INFO  es[][o.e.p.PluginsService] loaded module [reindex]
2023.06.30 04:42:03 INFO  es[][o.e.p.PluginsService] loaded module [transport-netty4]
2023.06.30 04:42:03 INFO  es[][o.e.p.PluginsService] no plugins loaded
2023.06.30 04:42:03 INFO  es[][o.e.e.NodeEnvironment] using [1] data paths, mounts [[/opt/sonarqube/data (/host_mark/Users/manjunathmuniraju/Work)]], net usable_space [41.1gb], net total_space [931.5gb], types [fakeowner]
2023.06.30 04:42:03 INFO  es[][o.e.e.NodeEnvironment] heap size [512mb], compressed ordinary object pointers [true]
2023.06.30 04:42:03 INFO  es[][o.e.n.Node] node name [sonarqube], node ID [YsRHEQP0TVujeUdGHWIBBA], cluster name [sonarqube], roles [data_frozen, master, remote_cluster_client, data, data_content, data_hot, data_warm, data_cold, ingest]
2023.06.30 04:42:05 INFO  es[][o.e.t.NettyAllocator] creating NettyAllocator with the following configs: [name=unpooled, suggested_max_allocation_size=256kb, factors={es.unsafe.use_unpooled_allocator=null, g1gc_enabled=true, g1gc_region_size=1mb, heap_size=512mb}]
2023.06.30 04:42:05 INFO  es[][o.e.i.r.RecoverySettings] using rate limit [40mb] with [default=40mb, read=0b, write=0b, max=0b]
2023.06.30 04:42:05 INFO  es[][o.e.d.DiscoveryModule] using discovery type [zen] and seed hosts providers [settings]
2023.06.30 04:42:05 INFO  es[][o.e.g.DanglingIndicesState] gateway.auto_import_dangling_indices is disabled, dangling indices will not be automatically detected or imported and must be managed manually
2023.06.30 04:42:05 INFO  es[][o.e.n.Node] initialized
2023.06.30 04:42:05 INFO  es[][o.e.n.Node] starting ...
2023.06.30 04:42:06 INFO  es[][o.e.t.TransportService] publish_address {127.0.0.1:43895}, bound_addresses {127.0.0.1:43895}
2023.06.30 04:42:06 INFO  es[][o.e.c.c.Coordinator] cluster UUID [rDIsqsq1RtmPMiGYSM8GfQ]
2023.06.30 04:42:06 INFO  es[][o.e.c.s.MasterService] elected-as-master ([1] nodes joined)[{sonarqube}{YsRHEQP0TVujeUdGHWIBBA}{hqD21JSBQbyQgS90ZmNZxg}{127.0.0.1}{127.0.0.1:43895}{cdfhimrsw} elect leader, _BECOME_MASTER_TASK_, _FINISH_ELECTION_], term: 3, version: 71, delta: master node changed {previous [], current [{sonarqube}{YsRHEQP0TVujeUdGHWIBBA}{hqD21JSBQbyQgS90ZmNZxg}{127.0.0.1}{127.0.0.1:43895}{cdfhimrsw}]}
2023.06.30 04:42:06 INFO  es[][o.e.c.s.ClusterApplierService] master node changed {previous [], current [{sonarqube}{YsRHEQP0TVujeUdGHWIBBA}{hqD21JSBQbyQgS90ZmNZxg}{127.0.0.1}{127.0.0.1:43895}{cdfhimrsw}]}, term: 3, version: 71, reason: Publication{term=3, version=71}
2023.06.30 04:42:06 WARN  es[][o.e.c.r.a.DiskThresholdMonitor] flood stage disk watermark [95%] exceeded on [YsRHEQP0TVujeUdGHWIBBA][sonarqube][/opt/sonarqube/data/es7/nodes/0] free: 41.3gb[4.4%], all indices on this node will be marked read-only
2023.06.30 04:42:06 INFO  es[][o.e.h.AbstractHttpServerTransport] publish_address {127.0.0.1:9001}, bound_addresses {127.0.0.1:9001}
2023.06.30 04:42:06 INFO  es[][o.e.n.Node] started
2023.06.30 04:42:06 INFO  es[][o.e.g.GatewayService] recovered [7] indices into cluster_state
2023.06.30 04:42:08 INFO  es[][o.e.c.r.a.AllocationService] Cluster health status changed from [RED] to [GREEN] (reason: [shards started [[metadatas][0]]]).
2023.06.30 04:42:36 WARN  es[][o.e.c.r.a.DiskThresholdMonitor] flood stage disk watermark [95%] exceeded on [YsRHEQP0TVujeUdGHWIBBA][sonarqube][/opt/sonarqube/data/es7/nodes/0] free: 41.3gb[4.4%], all indices on this node will be marked read-only
2023.06.30 04:43:06 WARN  es[][o.e.c.r.a.DiskThresholdMonitor] flood stage disk watermark [95%] exceeded on [YsRHEQP0TVujeUdGHWIBBA][sonarqube][/opt/sonarqube/data/es7/nodes/0] free: 41.1gb[4.4%], all indices on this node will be marked read-only
2023.06.30 04:43:36 WARN  es[][o.e.c.r.a.DiskThresholdMonitor] flood stage disk watermark [95%] exceeded on [YsRHEQP0TVujeUdGHWIBBA][sonarqube][/opt/sonarqube/data/es7/nodes/0] free: 41.1gb[4.4%], all indices on this node will be marked read-only
2023.06.30 04:44:06 WARN  es[][o.e.c.r.a.DiskThresholdMonitor] flood stage disk watermark [95%] exceeded on [YsRHEQP0TVujeUdGHWIBBA][sonarqube][/opt/sonarqube/data/es7/nodes/0] free: 42.1gb[4.5%], all indices on this node will be marked read-only
2023.06.30 04:44:36 WARN  es[][o.e.c.r.a.DiskThresholdMonitor] flood stage disk watermark [95%] exceeded on [YsRHEQP0TVujeUdGHWIBBA][sonarqube][/opt/sonarqube/data/es7/nodes/0] free: 42.1gb[4.5%], all indices on this node will be marked read-only
2023.06.30 04:45:06 WARN  es[][o.e.c.r.a.DiskThresholdMonitor] flood stage disk watermark [95%] exceeded on [YsRHEQP0TVujeUdGHWIBBA][sonarqube][/opt/sonarqube/data/es7/nodes/0] free: 41.1gb[4.4%], all indices on this node will be marked read-only
2023.06.30 04:45:36 WARN  es[][o.e.c.r.a.DiskThresholdMonitor] flood stage disk watermark [95%] exceeded on [YsRHEQP0TVujeUdGHWIBBA][sonarqube][/opt/sonarqube/data/es7/nodes/0] free: 41.1gb[4.4%], all indices on this node will be marked read-only
2023.06.30 04:46:06 WARN  es[][o.e.c.r.a.DiskThresholdMonitor] flood stage disk watermark [95%] exceeded on [YsRHEQP0TVujeUdGHWIBBA][sonarqube][/opt/sonarqube/data/es7/nodes/0] free: 42.1gb[4.5%], all indices on this node will be marked read-only
2023.06.30 04:46:36 WARN  es[][o.e.c.r.a.DiskThresholdMonitor] flood stage disk watermark [95%] exceeded on [YsRHEQP0TVujeUdGHWIBBA][sonarqube][/opt/sonarqube/data/es7/nodes/0] free: 41.1gb[4.4%], all indices on this node will be marked read-only
2023.06.30 04:47:06 WARN  es[][o.e.c.r.a.DiskThresholdMonitor] flood stage disk watermark [95%] exceeded on [YsRHEQP0TVujeUdGHWIBBA][sonarqube][/opt/sonarqube/data/es7/nodes/0] free: 41.1gb[4.4%], all indices on this node will be marked read-only
2023.06.30 04:47:36 WARN  es[][o.e.c.r.a.DiskThresholdMonitor] flood stage disk watermark [95%] exceeded on [YsRHEQP0TVujeUdGHWIBBA][sonarqube][/opt/sonarqube/data/es7/nodes/0] free: 41.1gb[4.4%], all indices on this node will be marked read-only
2023.06.30 04:48:06 WARN  es[][o.e.c.r.a.DiskThresholdMonitor] flood stage disk watermark [95%] exceeded on [YsRHEQP0TVujeUdGHWIBBA][sonarqube][/opt/sonarqube/data/es7/nodes/0] free: 41.1gb[4.4%], all indices on this node will be marked read-only
2023.06.30 04:48:36 WARN  es[][o.e.c.r.a.DiskThresholdMonitor] flood stage disk watermark [95%] exceeded on [YsRHEQP0TVujeUdGHWIBBA][sonarqube][/opt/sonarqube/data/es7/nodes/0] free: 41.1gb[4.4%], all indices on this node will be marked read-only
2023.06.30 04:49:06 WARN  es[][o.e.c.r.a.DiskThresholdMonitor] flood stage disk watermark [95%] exceeded on [YsRHEQP0TVujeUdGHWIBBA][sonarqube][/opt/sonarqube/data/es7/nodes/0] free: 42.1gb[4.5%], all indices on this node will be marked read-only
2023.06.30 04:49:36 WARN  es[][o.e.c.r.a.DiskThresholdMonitor] flood stage disk watermark [95%] exceeded on [YsRHEQP0TVujeUdGHWIBBA][sonarqube][/opt/sonarqube/data/es7/nodes/0] free: 42.1gb[4.5%], all indices on this node will be marked read-only
2023.06.30 04:50:06 WARN  es[][o.e.c.r.a.DiskThresholdMonitor] flood stage disk watermark [95%] exceeded on [YsRHEQP0TVujeUdGHWIBBA][sonarqube][/opt/sonarqube/data/es7/nodes/0] free: 42.1gb[4.5%], all indices on this node will be marked read-only
2023.06.30 04:50:36 WARN  es[][o.e.c.r.a.DiskThresholdMonitor] flood stage disk watermark [95%] exceeded on [YsRHEQP0TVujeUdGHWIBBA][sonarqube][/opt/sonarqube/data/es7/nodes/0] free: 42.1gb[4.5%], all indices on this node will be marked read-only
2023.06.30 04:51:06 WARN  es[][o.e.c.r.a.DiskThresholdMonitor] flood stage disk watermark [95%] exceeded on [YsRHEQP0TVujeUdGHWIBBA][sonarqube][/opt/sonarqube/data/es7/nodes/0] free: 42.1gb[4.5%], all indices on this node will be marked read-only
2023.06.30 04:51:36 WARN  es[][o.e.c.r.a.DiskThresholdMonitor] flood stage disk watermark [95%] exceeded on [YsRHEQP0TVujeUdGHWIBBA][sonarqube][/opt/sonarqube/data/es7/nodes/0] free: 42.1gb[4.5%], all indices on this node will be marked read-only
2023.06.30 04:52:06 WARN  es[][o.e.c.r.a.DiskThresholdMonitor] flood stage disk watermark [95%] exceeded on [YsRHEQP0TVujeUdGHWIBBA][sonarqube][/opt/sonarqube/data/es7/nodes/0] free: 42.1gb[4.5%], all indices on this node will be marked read-only
2023.06.30 04:52:36 WARN  es[][o.e.c.r.a.DiskThresholdMonitor] flood stage disk watermark [95%] exceeded on [YsRHEQP0TVujeUdGHWIBBA][sonarqube][/opt/sonarqube/data/es7/nodes/0] free: 42.1gb[4.5%], all indices on this node will be marked read-only
2023.06.30 04:53:06 WARN  es[][o.e.c.r.a.DiskThresholdMonitor] flood stage disk watermark [95%] exceeded on [YsRHEQP0TVujeUdGHWIBBA][sonarqube][/opt/sonarqube/data/es7/nodes/0] free: 42.1gb[4.5%], all indices on this node will be marked read-only
2023.06.30 04:53:36 WARN  es[][o.e.c.r.a.DiskThresholdMonitor] flood stage disk watermark [95%] exceeded on [YsRHEQP0TVujeUdGHWIBBA][sonarqube][/opt/sonarqube/data/es7/nodes/0] free: 42.1gb[4.5%], all indices on this node will be marked read-only
2023.06.30 04:54:06 WARN  es[][o.e.c.r.a.DiskThresholdMonitor] flood stage disk watermark [95%] exceeded on [YsRHEQP0TVujeUdGHWIBBA][sonarqube][/opt/sonarqube/data/es7/nodes/0] free: 41.1gb[4.4%], all indices on this node will be marked read-only
2023.06.30 04:54:36 WARN  es[][o.e.c.r.a.DiskThresholdMonitor] flood stage disk watermark [95%] exceeded on [YsRHEQP0TVujeUdGHWIBBA][sonarqube][/opt/sonarqube/data/es7/nodes/0] free: 41.1gb[4.4%], all indices on this node will be marked read-only
2023.06.30 04:55:06 WARN  es[][o.e.c.r.a.DiskThresholdMonitor] flood stage disk watermark [95%] exceeded on [YsRHEQP0TVujeUdGHWIBBA][sonarqube][/opt/sonarqube/data/es7/nodes/0] free: 41.1gb[4.4%], all indices on this node will be marked read-only
2023.06.30 04:55:36 WARN  es[][o.e.c.r.a.DiskThresholdMonitor] flood stage disk watermark [95%] exceeded on [YsRHEQP0TVujeUdGHWIBBA][sonarqube][/opt/sonarqube/data/es7/nodes/0] free: 41.1gb[4.4%], all indices on this node will be marked read-only
2023.06.30 04:56:06 WARN  es[][o.e.c.r.a.DiskThresholdMonitor] flood stage disk watermark [95%] exceeded on [YsRHEQP0TVujeUdGHWIBBA][sonarqube][/opt/sonarqube/data/es7/nodes/0] free: 41.1gb[4.4%], all indices on this node will be marked read-only
2023.06.30 04:56:36 WARN  es[][o.e.c.r.a.DiskThresholdMonitor] flood stage disk watermark [95%] exceeded on [YsRHEQP0TVujeUdGHWIBBA][sonarqube][/opt/sonarqube/data/es7/nodes/0] free: 41.1gb[4.4%], all indices on this node will be marked read-only
2023.06.30 04:57:06 WARN  es[][o.e.c.r.a.DiskThresholdMonitor] flood stage disk watermark [95%] exceeded on [YsRHEQP0TVujeUdGHWIBBA][sonarqube][/opt/sonarqube/data/es7/nodes/0] free: 41.1gb[4.4%], all indices on this node will be marked read-only
2023.06.30 04:57:36 WARN  es[][o.e.c.r.a.DiskThresholdMonitor] flood stage disk watermark [95%] exceeded on [YsRHEQP0TVujeUdGHWIBBA][sonarqube][/opt/sonarqube/data/es7/nodes/0] free: 42.1gb[4.5%], all indices on this node will be marked read-only
2023.06.30 04:58:06 WARN  es[][o.e.c.r.a.DiskThresholdMonitor] flood stage disk watermark [95%] exceeded on [YsRHEQP0TVujeUdGHWIBBA][sonarqube][/opt/sonarqube/data/es7/nodes/0] free: 42.1gb[4.5%], all indices on this node will be marked read-only
2023.06.30 04:58:36 WARN  es[][o.e.c.r.a.DiskThresholdMonitor] flood stage disk watermark [95%] exceeded on [YsRHEQP0TVujeUdGHWIBBA][sonarqube][/opt/sonarqube/data/es7/nodes/0] free: 42.1gb[4.5%], all indices on this node will be marked read-only
2023.06.30 04:59:06 WARN  es[][o.e.c.r.a.DiskThresholdMonitor] flood stage disk watermark [95%] exceeded on [YsRHEQP0TVujeUdGHWIBBA][sonarqube][/opt/sonarqube/data/es7/nodes/0] free: 42.1gb[4.5%], all indices on this node will be marked read-only
2023.06.30 04:59:36 WARN  es[][o.e.c.r.a.DiskThresholdMonitor] flood stage disk watermark [95%] exceeded on [YsRHEQP0TVujeUdGHWIBBA][sonarqube][/opt/sonarqube/data/es7/nodes/0] free: 41.1gb[4.4%], all indices on this node will be marked read-only
2023.06.30 05:00:06 WARN  es[][o.e.c.r.a.DiskThresholdMonitor] flood stage disk watermark [95%] exceeded on [YsRHEQP0TVujeUdGHWIBBA][sonarqube][/opt/sonarqube/data/es7/nodes/0] free: 41.1gb[4.4%], all indices on this node will be marked read-only
2023.06.30 05:00:36 WARN  es[][o.e.c.r.a.DiskThresholdMonitor] flood stage disk watermark [95%] exceeded on [YsRHEQP0TVujeUdGHWIBBA][sonarqube][/opt/sonarqube/data/es7/nodes/0] free: 42.1gb[4.5%], all indices on this node will be marked read-only
2023.06.30 05:01:06 WARN  es[][o.e.c.r.a.DiskThresholdMonitor] flood stage disk watermark [95%] exceeded on [YsRHEQP0TVujeUdGHWIBBA][sonarqube][/opt/sonarqube/data/es7/nodes/0] free: 42.1gb[4.5%], all indices on this node will be marked read-only
2023.06.30 05:01:36 WARN  es[][o.e.c.r.a.DiskThresholdMonitor] flood stage disk watermark [95%] exceeded on [YsRHEQP0TVujeUdGHWIBBA][sonarqube][/opt/sonarqube/data/es7/nodes/0] free: 42.1gb[4.5%], all indices on this node will be marked read-only
2023.06.30 05:02:06 WARN  es[][o.e.c.r.a.DiskThresholdMonitor] flood stage disk watermark [95%] exceeded on [YsRHEQP0TVujeUdGHWIBBA][sonarqube][/opt/sonarqube/data/es7/nodes/0] free: 42.1gb[4.5%], all indices on this node will be marked read-only
2023.06.30 05:02:36 WARN  es[][o.e.c.r.a.DiskThresholdMonitor] flood stage disk watermark [95%] exceeded on [YsRHEQP0TVujeUdGHWIBBA][sonarqube][/opt/sonarqube/data/es7/nodes/0] free: 42.1gb[4.5%], all indices on this node will be marked read-only
2023.06.30 05:03:06 WARN  es[][o.e.c.r.a.DiskThresholdMonitor] flood stage disk watermark [95%] exceeded on [YsRHEQP0TVujeUdGHWIBBA][sonarqube][/opt/sonarqube/data/es7/nodes/0] free: 42.1gb[4.5%], all indices on this node will be marked read-only
2023.06.30 05:03:36 WARN  es[][o.e.c.r.a.DiskThresholdMonitor] flood stage disk watermark [95%] exceeded on [YsRHEQP0TVujeUdGHWIBBA][sonarqube][/opt/sonarqube/data/es7/nodes/0] free: 42.1gb[4.5%], all indices on this node will be marked read-only
2023.06.30 05:04:06 WARN  es[][o.e.c.r.a.DiskThresholdMonitor] flood stage disk watermark [95%] exceeded on [YsRHEQP0TVujeUdGHWIBBA][sonarqube][/opt/sonarqube/data/es7/nodes/0] free: 42gb[4.5%], all indices on this node will be marked read-only
2023.06.30 05:04:36 WARN  es[][o.e.c.r.a.DiskThresholdMonitor] flood stage disk watermark [95%] exceeded on [YsRHEQP0TVujeUdGHWIBBA][sonarqube][/opt/sonarqube/data/es7/nodes/0] free: 42gb[4.5%], all indices on this node will be marked read-only
2023.06.30 05:05:06 WARN  es[][o.e.c.r.a.DiskThresholdMonitor] flood stage disk watermark [95%] exceeded on [YsRHEQP0TVujeUdGHWIBBA][sonarqube][/opt/sonarqube/data/es7/nodes/0] free: 42gb[4.5%], all indices on this node will be marked read-only
2023.06.30 05:05:36 WARN  es[][o.e.c.r.a.DiskThresholdMonitor] flood stage disk watermark [95%] exceeded on [YsRHEQP0TVujeUdGHWIBBA][sonarqube][/opt/sonarqube/data/es7/nodes/0] free: 41.9gb[4.5%], all indices on this node will be marked read-only
2023.06.30 05:06:06 WARN  es[][o.e.c.r.a.DiskThresholdMonitor] flood stage disk watermark [95%] exceeded on [YsRHEQP0TVujeUdGHWIBBA][sonarqube][/opt/sonarqube/data/es7/nodes/0] free: 41.9gb[4.5%], all indices on this node will be marked read-only
2023.06.30 05:06:36 WARN  es[][o.e.c.r.a.DiskThresholdMonitor] flood stage disk watermark [95%] exceeded on [YsRHEQP0TVujeUdGHWIBBA][sonarqube][/opt/sonarqube/data/es7/nodes/0] free: 41.9gb[4.5%], all indices on this node will be marked read-only
2023.06.30 05:07:06 WARN  es[][o.e.c.r.a.DiskThresholdMonitor] flood stage disk watermark [95%] exceeded on [YsRHEQP0TVujeUdGHWIBBA][sonarqube][/opt/sonarqube/data/es7/nodes/0] free: 41.9gb[4.5%], all indices on this node will be marked read-only
2023.06.30 05:07:36 WARN  es[][o.e.c.r.a.DiskThresholdMonitor] flood stage disk watermark [95%] exceeded on [YsRHEQP0TVujeUdGHWIBBA][sonarqube][/opt/sonarqube/data/es7/nodes/0] free: 41.9gb[4.5%], all indices on this node will be marked read-only
2023.06.30 05:08:06 WARN  es[][o.e.c.r.a.DiskThresholdMonitor] flood stage disk watermark [95%] exceeded on [YsRHEQP0TVujeUdGHWIBBA][sonarqube][/opt/sonarqube/data/es7/nodes/0] free: 41.9gb[4.5%], all indices on this node will be marked read-only
2023.06.30 05:08:36 WARN  es[][o.e.c.r.a.DiskThresholdMonitor] flood stage disk watermark [95%] exceeded on [YsRHEQP0TVujeUdGHWIBBA][sonarqube][/opt/sonarqube/data/es7/nodes/0] free: 41.9gb[4.5%], all indices on this node will be marked read-only
2023.06.30 05:09:06 WARN  es[][o.e.c.r.a.DiskThresholdMonitor] flood stage disk watermark [95%] exceeded on [YsRHEQP0TVujeUdGHWIBBA][sonarqube][/opt/sonarqube/data/es7/nodes/0] free: 41.9gb[4.5%], all indices on this node will be marked read-only
2023.06.30 05:09:36 WARN  es[][o.e.c.r.a.DiskThresholdMonitor] flood stage disk watermark [95%] exceeded on [YsRHEQP0TVujeUdGHWIBBA][sonarqube][/opt/sonarqube/data/es7/nodes/0] free: 41.9gb[4.5%], all indices on this node will be marked read-only
2023.06.30 05:10:06 WARN  es[][o.e.c.r.a.DiskThresholdMonitor] flood stage disk watermark [95%] exceeded on [YsRHEQP0TVujeUdGHWIBBA][sonarqube][/opt/sonarqube/data/es7/nodes/0] free: 41.9gb[4.5%], all indices on this node will be marked read-only
2023.06.30 05:10:36 WARN  es[][o.e.c.r.a.DiskThresholdMonitor] flood stage disk watermark [95%] exceeded on [YsRHEQP0TVujeUdGHWIBBA][sonarqube][/opt/sonarqube/data/es7/nodes/0] free: 41.9gb[4.5%], all indices on this node will be marked read-only
2023.06.30 05:11:06 WARN  es[][o.e.c.r.a.DiskThresholdMonitor] flood stage disk watermark [95%] exceeded on [YsRHEQP0TVujeUdGHWIBBA][sonarqube][/opt/sonarqube/data/es7/nodes/0] free: 41.9gb[4.5%], all indices on this node will be marked read-only
2023.06.30 05:11:36 WARN  es[][o.e.c.r.a.DiskThresholdMonitor] flood stage disk watermark [95%] exceeded on [YsRHEQP0TVujeUdGHWIBBA][sonarqube][/opt/sonarqube/data/es7/nodes/0] free: 41.9gb[4.5%], all indices on this node will be marked read-only
2023.06.30 05:12:06 WARN  es[][o.e.c.r.a.DiskThresholdMonitor] flood stage disk watermark [95%] exceeded on [YsRHEQP0TVujeUdGHWIBBA][sonarqube][/opt/sonarqube/data/es7/nodes/0] free: 41.9gb[4.5%], all indices on this node will be marked read-only
2023.06.30 05:12:36 WARN  es[][o.e.c.r.a.DiskThresholdMonitor] flood stage disk watermark [95%] exceeded on [YsRHEQP0TVujeUdGHWIBBA][sonarqube][/opt/sonarqube/data/es7/nodes/0] free: 42.9gb[4.6%], all indices on this node will be marked read-only
2023.06.30 06:17:09 WARN  es[][o.e.t.ThreadPool] timer thread slept for [1h/3850658ms] on absolute clock which is above the warn threshold of [5000ms]
2023.06.30 06:17:09 WARN  es[][o.e.t.ThreadPool] execution of [org.elasticsearch.indices.IndicesService$CacheCleaner@5d76d81a] took [3850537ms] which is above the warn threshold of [5000ms]
2023.06.30 06:17:09 WARN  es[][o.e.t.ThreadPool] timer thread slept for [1h/3850537784189ns] on relative clock which is above the warn threshold of [5000ms]
2023.06.30 06:17:09 WARN  es[][o.e.c.r.a.DiskThresholdMonitor] flood stage disk watermark [95%] exceeded on [YsRHEQP0TVujeUdGHWIBBA][sonarqube][/opt/sonarqube/data/es7/nodes/0] free: 39.9gb[4.2%], all indices on this node will be marked read-only
2023.06.30 06:17:39 WARN  es[][o.e.c.r.a.DiskThresholdMonitor] flood stage disk watermark [95%] exceeded on [YsRHEQP0TVujeUdGHWIBBA][sonarqube][/opt/sonarqube/data/es7/nodes/0] free: 41.9gb[4.5%], all indices on this node will be marked read-only
2023.06.30 08:05:14 WARN  es[][o.e.t.ThreadPool] timer thread slept for [1.7h/6444410ms] on absolute clock which is above the warn threshold of [5000ms]
2023.06.30 08:05:14 WARN  es[][o.e.t.ThreadPool] timer thread slept for [1.7h/6444410790009ns] on relative clock which is above the warn threshold of [5000ms]
2023.06.30 08:05:14 WARN  es[][o.e.c.r.a.DiskThresholdMonitor] flood stage disk watermark [95%] exceeded on [YsRHEQP0TVujeUdGHWIBBA][sonarqube][/opt/sonarqube/data/es7/nodes/0] free: 41.9gb[4.5%], all indices on this node will be marked read-only
2023.06.30 08:05:44 WARN  es[][o.e.c.r.a.DiskThresholdMonitor] flood stage disk watermark [95%] exceeded on [YsRHEQP0TVujeUdGHWIBBA][sonarqube][/opt/sonarqube/data/es7/nodes/0] free: 40.9gb[4.3%], all indices on this node will be marked read-only
2023.06.30 09:53:18 WARN  es[][o.e.t.ThreadPool] timer thread slept for [1.7h/6443498ms] on absolute clock which is above the warn threshold of [5000ms]
2023.06.30 09:53:18 WARN  es[][o.e.t.ThreadPool] timer thread slept for [1.7h/6443403338730ns] on relative clock which is above the warn threshold of [5000ms]
2023.06.30 09:53:18 WARN  es[][o.e.c.r.a.DiskThresholdMonitor] flood stage disk watermark [95%] exceeded on [YsRHEQP0TVujeUdGHWIBBA][sonarqube][/opt/sonarqube/data/es7/nodes/0] free: 40.9gb[4.3%], all indices on this node will be marked read-only
2023.06.30 09:53:48 WARN  es[][o.e.c.r.a.DiskThresholdMonitor] flood stage disk watermark [95%] exceeded on [YsRHEQP0TVujeUdGHWIBBA][sonarqube][/opt/sonarqube/data/es7/nodes/0] free: 41.9gb[4.5%], all indices on this node will be marked read-only
2023.06.30 11:41:21 WARN  es[][o.e.t.ThreadPool] timer thread slept for [1.7h/6443116ms] on absolute clock which is above the warn threshold of [5000ms]
2023.06.30 11:41:21 WARN  es[][o.e.t.ThreadPool] timer thread slept for [1.7h/6443181158798ns] on relative clock which is above the warn threshold of [5000ms]
2023.06.30 11:41:22 WARN  es[][o.e.c.r.a.DiskThresholdMonitor] flood stage disk watermark [95%] exceeded on [YsRHEQP0TVujeUdGHWIBBA][sonarqube][/opt/sonarqube/data/es7/nodes/0] free: 41.9gb[4.5%], all indices on this node will be marked read-only
2023.06.30 11:41:52 WARN  es[][o.e.c.r.a.DiskThresholdMonitor] flood stage disk watermark [95%] exceeded on [YsRHEQP0TVujeUdGHWIBBA][sonarqube][/opt/sonarqube/data/es7/nodes/0] free: 40.9gb[4.3%], all indices on this node will be marked read-only
2023.06.30 12:03:31 WARN  es[][o.e.t.ThreadPool] timer thread slept for [21.4m/1289312ms] on absolute clock which is above the warn threshold of [5000ms]
2023.06.30 12:03:31 WARN  es[][o.e.t.ThreadPool] timer thread slept for [21.4m/1289311479156ns] on relative clock which is above the warn threshold of [5000ms]
2023.06.30 12:03:32 WARN  es[][o.e.c.r.a.DiskThresholdMonitor] flood stage disk watermark [95%] exceeded on [YsRHEQP0TVujeUdGHWIBBA][sonarqube][/opt/sonarqube/data/es7/nodes/0] free: 41.9gb[4.5%], all indices on this node will be marked read-only
2023.06.30 13:31:38 WARN  es[][o.e.t.ThreadPool] timer thread slept for [1.4h/5267342ms] on absolute clock which is above the warn threshold of [5000ms]
2023.06.30 13:31:38 WARN  es[][o.e.t.ThreadPool] timer thread slept for [1.4h/5267341316902ns] on relative clock which is above the warn threshold of [5000ms]
2023.06.30 13:31:38 WARN  es[][o.e.c.r.a.DiskThresholdMonitor] flood stage disk watermark [95%] exceeded on [YsRHEQP0TVujeUdGHWIBBA][sonarqube][/opt/sonarqube/data/es7/nodes/0] free: 41.9gb[4.5%], all indices on this node will be marked read-only
2023.06.30 13:32:09 WARN  es[][o.e.c.r.a.DiskThresholdMonitor] flood stage disk watermark [95%] exceeded on [YsRHEQP0TVujeUdGHWIBBA][sonarqube][/opt/sonarqube/data/es7/nodes/0] free: 41.9gb[4.5%], all indices on this node will be marked read-only
2023.06.30 15:19:43 WARN  es[][o.e.t.ThreadPool] timer thread slept for [1.7h/6442951ms] on absolute clock which is above the warn threshold of [5000ms]
2023.06.30 15:19:43 WARN  es[][o.e.t.ThreadPool] timer thread slept for [1.7h/6442950848664ns] on relative clock which is above the warn threshold of [5000ms]
2023.06.30 15:19:43 WARN  es[][o.e.c.r.a.DiskThresholdMonitor] flood stage disk watermark [95%] exceeded on [YsRHEQP0TVujeUdGHWIBBA][sonarqube][/opt/sonarqube/data/es7/nodes/0] free: 41.9gb[4.5%], all indices on this node will be marked read-only
2023.06.30 15:20:13 WARN  es[][o.e.c.r.a.DiskThresholdMonitor] flood stage disk watermark [95%] exceeded on [YsRHEQP0TVujeUdGHWIBBA][sonarqube][/opt/sonarqube/data/es7/nodes/0] free: 40.9gb[4.3%], all indices on this node will be marked read-only
2023.06.30 17:07:46 WARN  es[][o.e.t.ThreadPool] timer thread slept for [1.7h/6442750ms] on absolute clock which is above the warn threshold of [5000ms]
2023.06.30 17:07:46 WARN  es[][o.e.t.ThreadPool] timer thread slept for [1.7h/6442750480280ns] on relative clock which is above the warn threshold of [5000ms]
2023.06.30 17:07:47 WARN  es[][o.e.c.r.a.DiskThresholdMonitor] flood stage disk watermark [95%] exceeded on [YsRHEQP0TVujeUdGHWIBBA][sonarqube][/opt/sonarqube/data/es7/nodes/0] free: 41.9gb[4.5%], all indices on this node will be marked read-only
2023.06.30 17:13:54 WARN  es[][o.e.t.ThreadPool] timer thread slept for [5.6m/339276ms] on absolute clock which is above the warn threshold of [5000ms]
2023.06.30 17:13:54 WARN  es[][o.e.t.ThreadPool] timer thread slept for [5.6m/339276300556ns] on relative clock which is above the warn threshold of [5000ms]
2023.06.30 17:13:54 WARN  es[][o.e.c.r.a.DiskThresholdMonitor] flood stage disk watermark [95%] exceeded on [YsRHEQP0TVujeUdGHWIBBA][sonarqube][/opt/sonarqube/data/es7/nodes/0] free: 42.9gb[4.6%], all indices on this node will be marked read-only
2023.06.30 17:13:54 WARN  es[][o.e.t.ThreadPool] absolute clock went backwards by [14ms/14ms] while timer thread was sleeping
2023.06.30 17:14:23 WARN  es[][o.e.c.r.a.DiskThresholdMonitor] flood stage disk watermark [95%] exceeded on [YsRHEQP0TVujeUdGHWIBBA][sonarqube][/opt/sonarqube/data/es7/nodes/0] free: 42.9gb[4.6%], all indices on this node will be marked read-only
2023.06.30 17:36:23 WARN  es[][o.e.t.ThreadPool] timer thread slept for [21.8m/1309396ms] on absolute clock which is above the warn threshold of [5000ms]
2023.06.30 17:36:23 WARN  es[][o.e.t.ThreadPool] timer thread slept for [21.8m/1309149021669ns] on relative clock which is above the warn threshold of [5000ms]
2023.06.30 17:36:23 WARN  es[][o.e.c.r.a.DiskThresholdMonitor] flood stage disk watermark [95%] exceeded on [YsRHEQP0TVujeUdGHWIBBA][sonarqube][/opt/sonarqube/data/es7/nodes/0] free: 42.9gb[4.6%], all indices on this node will be marked read-only
2023.06.30 17:36:53 WARN  es[][o.e.t.ThreadPool] absolute clock went backwards by [44ms/44ms] while timer thread was sleeping
2023.06.30 17:36:53 WARN  es[][o.e.c.r.a.DiskThresholdMonitor] flood stage disk watermark [95%] exceeded on [YsRHEQP0TVujeUdGHWIBBA][sonarqube][/opt/sonarqube/data/es7/nodes/0] free: 42.9gb[4.6%], all indices on this node will be marked read-only
2023.06.30 17:37:23 WARN  es[][o.e.c.r.a.DiskThresholdMonitor] flood stage disk watermark [95%] exceeded on [YsRHEQP0TVujeUdGHWIBBA][sonarqube][/opt/sonarqube/data/es7/nodes/0] free: 41.9gb[4.5%], all indices on this node will be marked read-only
2023.06.30 17:37:53 WARN  es[][o.e.c.r.a.DiskThresholdMonitor] flood stage disk watermark [95%] exceeded on [YsRHEQP0TVujeUdGHWIBBA][sonarqube][/opt/sonarqube/data/es7/nodes/0] free: 42.9gb[4.6%], all indices on this node will be marked read-only
2023.06.30 17:38:23 WARN  es[][o.e.c.r.a.DiskThresholdMonitor] flood stage disk watermark [95%] exceeded on [YsRHEQP0TVujeUdGHWIBBA][sonarqube][/opt/sonarqube/data/es7/nodes/0] free: 41.9gb[4.5%], all indices on this node will be marked read-only
2023.06.30 17:38:53 WARN  es[][o.e.c.r.a.DiskThresholdMonitor] flood stage disk watermark [95%] exceeded on [YsRHEQP0TVujeUdGHWIBBA][sonarqube][/opt/sonarqube/data/es7/nodes/0] free: 40.9gb[4.3%], all indices on this node will be marked read-only
2023.06.30 17:39:23 WARN  es[][o.e.c.r.a.DiskThresholdMonitor] flood stage disk watermark [95%] exceeded on [YsRHEQP0TVujeUdGHWIBBA][sonarqube][/opt/sonarqube/data/es7/nodes/0] free: 40.9gb[4.3%], all indices on this node will be marked read-only
2023.06.30 17:39:53 WARN  es[][o.e.c.r.a.DiskThresholdMonitor] flood stage disk watermark [95%] exceeded on [YsRHEQP0TVujeUdGHWIBBA][sonarqube][/opt/sonarqube/data/es7/nodes/0] free: 40.9gb[4.3%], all indices on this node will be marked read-only
2023.06.30 17:40:23 WARN  es[][o.e.c.r.a.DiskThresholdMonitor] flood stage disk watermark [95%] exceeded on [YsRHEQP0TVujeUdGHWIBBA][sonarqube][/opt/sonarqube/data/es7/nodes/0] free: 40.9gb[4.3%], all indices on this node will be marked read-only
2023.06.30 17:40:53 WARN  es[][o.e.c.r.a.DiskThresholdMonitor] flood stage disk watermark [95%] exceeded on [YsRHEQP0TVujeUdGHWIBBA][sonarqube][/opt/sonarqube/data/es7/nodes/0] free: 40.9gb[4.3%], all indices on this node will be marked read-only
2023.06.30 17:41:23 WARN  es[][o.e.c.r.a.DiskThresholdMonitor] flood stage disk watermark [95%] exceeded on [YsRHEQP0TVujeUdGHWIBBA][sonarqube][/opt/sonarqube/data/es7/nodes/0] free: 40.9gb[4.3%], all indices on this node will be marked read-only
2023.06.30 17:41:53 WARN  es[][o.e.c.r.a.DiskThresholdMonitor] flood stage disk watermark [95%] exceeded on [YsRHEQP0TVujeUdGHWIBBA][sonarqube][/opt/sonarqube/data/es7/nodes/0] free: 39.9gb[4.2%], all indices on this node will be marked read-only
2023.06.30 17:42:23 WARN  es[][o.e.c.r.a.DiskThresholdMonitor] flood stage disk watermark [95%] exceeded on [YsRHEQP0TVujeUdGHWIBBA][sonarqube][/opt/sonarqube/data/es7/nodes/0] free: 40.9gb[4.3%], all indices on this node will be marked read-only
2023.06.30 17:42:53 WARN  es[][o.e.c.r.a.DiskThresholdMonitor] flood stage disk watermark [95%] exceeded on [YsRHEQP0TVujeUdGHWIBBA][sonarqube][/opt/sonarqube/data/es7/nodes/0] free: 40.8gb[4.3%], all indices on this node will be marked read-only
2023.06.30 17:43:23 WARN  es[][o.e.c.r.a.DiskThresholdMonitor] flood stage disk watermark [95%] exceeded on [YsRHEQP0TVujeUdGHWIBBA][sonarqube][/opt/sonarqube/data/es7/nodes/0] free: 41.8gb[4.4%], all indices on this node will be marked read-only
2023.06.30 17:43:53 WARN  es[][o.e.c.r.a.DiskThresholdMonitor] flood stage disk watermark [95%] exceeded on [YsRHEQP0TVujeUdGHWIBBA][sonarqube][/opt/sonarqube/data/es7/nodes/0] free: 41.8gb[4.4%], all indices on this node will be marked read-only
2023.06.30 17:44:23 WARN  es[][o.e.c.r.a.DiskThresholdMonitor] flood stage disk watermark [95%] exceeded on [YsRHEQP0TVujeUdGHWIBBA][sonarqube][/opt/sonarqube/data/es7/nodes/0] free: 39.8gb[4.2%], all indices on this node will be marked read-only
2023.06.30 17:44:53 WARN  es[][o.e.c.r.a.DiskThresholdMonitor] flood stage disk watermark [95%] exceeded on [YsRHEQP0TVujeUdGHWIBBA][sonarqube][/opt/sonarqube/data/es7/nodes/0] free: 39.8gb[4.2%], all indices on this node will be marked read-only
2023.06.30 17:45:23 WARN  es[][o.e.c.r.a.DiskThresholdMonitor] flood stage disk watermark [95%] exceeded on [YsRHEQP0TVujeUdGHWIBBA][sonarqube][/opt/sonarqube/data/es7/nodes/0] free: 40.8gb[4.3%], all indices on this node will be marked read-only
2023.06.30 17:45:53 WARN  es[][o.e.c.r.a.DiskThresholdMonitor] flood stage disk watermark [95%] exceeded on [YsRHEQP0TVujeUdGHWIBBA][sonarqube][/opt/sonarqube/data/es7/nodes/0] free: 41.8gb[4.4%], all indices on this node will be marked read-only
2023.06.30 17:46:23 WARN  es[][o.e.c.r.a.DiskThresholdMonitor] flood stage disk watermark [95%] exceeded on [YsRHEQP0TVujeUdGHWIBBA][sonarqube][/opt/sonarqube/data/es7/nodes/0] free: 41.8gb[4.4%], all indices on this node will be marked read-only
2023.06.30 17:46:53 WARN  es[][o.e.c.r.a.DiskThresholdMonitor] flood stage disk watermark [95%] exceeded on [YsRHEQP0TVujeUdGHWIBBA][sonarqube][/opt/sonarqube/data/es7/nodes/0] free: 39.8gb[4.2%], all indices on this node will be marked read-only
2023.06.30 17:47:23 WARN  es[][o.e.c.r.a.DiskThresholdMonitor] flood stage disk watermark [95%] exceeded on [YsRHEQP0TVujeUdGHWIBBA][sonarqube][/opt/sonarqube/data/es7/nodes/0] free: 40.8gb[4.3%], all indices on this node will be marked read-only
2023.06.30 17:47:53 WARN  es[][o.e.c.r.a.DiskThresholdMonitor] flood stage disk watermark [95%] exceeded on [YsRHEQP0TVujeUdGHWIBBA][sonarqube][/opt/sonarqube/data/es7/nodes/0] free: 39.8gb[4.2%], all indices on this node will be marked read-only
2023.06.30 17:48:23 WARN  es[][o.e.c.r.a.DiskThresholdMonitor] flood stage disk watermark [95%] exceeded on [YsRHEQP0TVujeUdGHWIBBA][sonarqube][/opt/sonarqube/data/es7/nodes/0] free: 41.8gb[4.4%], all indices on this node will be marked read-only
