2023.06.30 04:34:00 INFO  app[][o.s.a.AppFileSystem] Cleaning or creating temp directory /opt/sonarqube/temp
2023.06.30 04:34:00 INFO  app[][o.s.a.es.EsSettings] Elasticsearch listening on [HTTP: 127.0.0.1:9001, TCP: 127.0.0.1:39167]
2023.06.30 04:34:00 INFO  app[][o.s.a.ProcessLauncherImpl] Launch process[ELASTICSEARCH] from [/opt/sonarqube/elasticsearch]: /opt/sonarqube/elasticsearch/bin/elasticsearch
2023.06.30 04:34:00 INFO  app[][o.s.a.SchedulerImpl] Waiting for Elasticsearch to be up and running
2023.06.30 04:34:05 INFO  app[][o.s.a.SchedulerImpl] Process[es] is up
2023.06.30 04:34:05 INFO  app[][o.s.a.ProcessLauncherImpl] Launch process[WEB_SERVER] from [/opt/sonarqube]: /opt/java/openjdk/bin/java -Djava.awt.headless=true -Dfile.encoding=UTF-8 -Djava.io.tmpdir=/opt/sonarqube/temp -XX:-OmitStackTraceInFastThrow --add-opens=java.base/java.util=ALL-UNNAMED --add-opens=java.base/java.lang=ALL-UNNAMED --add-opens=java.base/java.io=ALL-UNNAMED --add-opens=java.rmi/sun.rmi.transport=ALL-UNNAMED --add-exports=java.base/jdk.internal.ref=ALL-UNNAMED --add-opens=java.base/java.nio=ALL-UNNAMED --add-opens=java.base/sun.nio.ch=ALL-UNNAMED --add-opens=java.management/sun.management=ALL-UNNAMED --add-opens=jdk.management/com.sun.management.internal=ALL-UNNAMED -Dcom.redhat.fips=false -Xmx512m -Xms128m -XX:+HeapDumpOnOutOfMemoryError -Xms1g -Xmx1g -Dhttp.nonProxyHosts=localhost|127.*|[::1] -cp ./lib/sonar-application-9.9.0.65466.jar:/opt/sonarqube/lib/jdbc/h2/h2-2.1.214.jar org.sonar.server.app.WebServer /opt/sonarqube/temp/sq-process15983053742455600118properties
2023.06.30 04:35:29 INFO  app[][o.s.a.SchedulerImpl] Process[Web Server] is stopped
2023.06.30 04:35:29 WARN  app[][o.s.a.p.AbstractManagedProcess] Process exited with exit value [ElasticSearch]: 143
2023.06.30 04:35:29 INFO  app[][o.s.a.SchedulerImpl] Process[ElasticSearch] is stopped
2023.06.30 04:35:29 INFO  app[][o.s.a.SchedulerImpl] SonarQube is stopped
2023.06.30 04:35:30 INFO  app[][o.s.a.AppFileSystem] Cleaning or creating temp directory /opt/sonarqube/temp
2023.06.30 04:35:30 INFO  app[][o.s.a.es.EsSettings] Elasticsearch listening on [HTTP: 127.0.0.1:9001, TCP: 127.0.0.1:43895]
2023.06.30 04:35:30 INFO  app[][o.s.a.ProcessLauncherImpl] Launch process[ELASTICSEARCH] from [/opt/sonarqube/elasticsearch]: /opt/sonarqube/elasticsearch/bin/elasticsearch
2023.06.30 04:35:30 INFO  app[][o.s.a.SchedulerImpl] Waiting for Elasticsearch to be up and running
2023.06.30 04:35:37 INFO  app[][o.s.a.SchedulerImpl] Process[es] is up
2023.06.30 04:35:37 INFO  app[][o.s.a.ProcessLauncherImpl] Launch process[WEB_SERVER] from [/opt/sonarqube]: /opt/java/openjdk/bin/java -Djava.awt.headless=true -Dfile.encoding=UTF-8 -Djava.io.tmpdir=/opt/sonarqube/temp -XX:-OmitStackTraceInFastThrow --add-opens=java.base/java.util=ALL-UNNAMED --add-opens=java.base/java.lang=ALL-UNNAMED --add-opens=java.base/java.io=ALL-UNNAMED --add-opens=java.rmi/sun.rmi.transport=ALL-UNNAMED --add-exports=java.base/jdk.internal.ref=ALL-UNNAMED --add-opens=java.base/java.nio=ALL-UNNAMED --add-opens=java.base/sun.nio.ch=ALL-UNNAMED --add-opens=java.management/sun.management=ALL-UNNAMED --add-opens=jdk.management/com.sun.management.internal=ALL-UNNAMED -Dcom.redhat.fips=false -Xmx512m -Xms128m -XX:+HeapDumpOnOutOfMemoryError -Xms1g -Xmx1g -Dhttp.nonProxyHosts=localhost|127.*|[::1] -cp ./lib/sonar-application-9.9.0.65466.jar:/opt/sonarqube/lib/jdbc/h2/h2-2.1.214.jar org.sonar.server.app.WebServer /opt/sonarqube/temp/sq-process4366763453207399917properties
2023.06.30 04:36:02 INFO  app[][o.s.a.SchedulerImpl] Process[web] is up
2023.06.30 04:36:02 INFO  app[][o.s.a.ProcessLauncherImpl] Launch process[COMPUTE_ENGINE] from [/opt/sonarqube]: /opt/java/openjdk/bin/java -Djava.awt.headless=true -Dfile.encoding=UTF-8 -Djava.io.tmpdir=/opt/sonarqube/temp -XX:-OmitStackTraceInFastThrow --add-opens=java.base/java.util=ALL-UNNAMED --add-exports=java.base/jdk.internal.ref=ALL-UNNAMED --add-opens=java.base/java.lang=ALL-UNNAMED --add-opens=java.base/java.nio=ALL-UNNAMED --add-opens=java.base/sun.nio.ch=ALL-UNNAMED --add-opens=java.management/sun.management=ALL-UNNAMED --add-opens=jdk.management/com.sun.management.internal=ALL-UNNAMED -Dcom.redhat.fips=false -Xmx512m -Xms128m -XX:+HeapDumpOnOutOfMemoryError -Xms1g -Xmx1g -Dhttp.nonProxyHosts=localhost|127.*|[::1] -cp ./lib/sonar-application-9.9.0.65466.jar:/opt/sonarqube/lib/jdbc/h2/h2-2.1.214.jar org.sonar.ce.app.CeServer /opt/sonarqube/temp/sq-process1761626925089576746properties
2023.06.30 04:36:02 WARN  app[][startup] ####################################################################################################################
2023.06.30 04:36:02 WARN  app[][startup] Default Administrator credentials are still being used. Make sure to change the password or deactivate the account.
2023.06.30 04:36:02 WARN  app[][startup] ####################################################################################################################
2023.06.30 04:36:04 INFO  app[][o.s.a.SchedulerImpl] Process[ce] is up
2023.06.30 04:36:04 INFO  app[][o.s.a.SchedulerImpl] SonarQube is operational
2023.06.30 04:41:59 INFO  app[][o.s.a.SchedulerImpl] SQ restart requested by Process[Web Server]
2023.06.30 04:41:59 INFO  app[][o.s.a.SchedulerImpl] Sonarqube has been requested to stop
2023.06.30 04:41:59 INFO  app[][o.s.a.SchedulerImpl] Stopping [Compute Engine] process...
2023.06.30 04:42:00 INFO  app[][o.s.a.SchedulerImpl] Process[Compute Engine] is stopped
2023.06.30 04:42:00 INFO  app[][o.s.a.SchedulerImpl] Stopping [Web Server] process...
2023.06.30 04:42:01 INFO  app[][o.s.a.SchedulerImpl] Stopping [ElasticSearch] process...
2023.06.30 04:42:01 INFO  app[][o.s.a.SchedulerImpl] Process[Web Server] is stopped
2023.06.30 04:42:01 WARN  app[][o.s.a.p.AbstractManagedProcess] Process exited with exit value [ElasticSearch]: 143
2023.06.30 04:42:01 INFO  app[][o.s.a.SchedulerImpl] Process[ElasticSearch] is stopped
2023.06.30 04:42:01 INFO  app[][o.s.a.SchedulerImpl] SonarQube is restarting
2023.06.30 04:42:01 WARN  app[][o.s.a.c.AppSettingsLoaderImpl] Configuration file not found: /opt/sonarqube/conf/sonar.properties
2023.06.30 04:42:01 INFO  app[][o.s.a.AppFileSystem] Cleaning or creating temp directory /opt/sonarqube/temp
2023.06.30 04:42:01 INFO  app[][o.s.a.es.EsSettings] Elasticsearch listening on [HTTP: 127.0.0.1:9001, TCP: 127.0.0.1:43895]
2023.06.30 04:42:01 INFO  app[][o.s.a.ProcessLauncherImpl] Launch process[ELASTICSEARCH] from [/opt/sonarqube/elasticsearch]: /opt/sonarqube/elasticsearch/bin/elasticsearch
2023.06.30 04:42:01 INFO  app[][o.s.a.SchedulerImpl] Waiting for Elasticsearch to be up and running
2023.06.30 04:42:08 INFO  app[][o.s.a.SchedulerImpl] Process[es] is up
2023.06.30 04:42:08 INFO  app[][o.s.a.ProcessLauncherImpl] Launch process[WEB_SERVER] from [/opt/sonarqube]: /opt/java/openjdk/bin/java -Djava.awt.headless=true -Dfile.encoding=UTF-8 -Djava.io.tmpdir=/opt/sonarqube/temp -XX:-OmitStackTraceInFastThrow --add-opens=java.base/java.util=ALL-UNNAMED --add-opens=java.base/java.lang=ALL-UNNAMED --add-opens=java.base/java.io=ALL-UNNAMED --add-opens=java.rmi/sun.rmi.transport=ALL-UNNAMED --add-exports=java.base/jdk.internal.ref=ALL-UNNAMED --add-opens=java.base/java.nio=ALL-UNNAMED --add-opens=java.base/sun.nio.ch=ALL-UNNAMED --add-opens=java.management/sun.management=ALL-UNNAMED --add-opens=jdk.management/com.sun.management.internal=ALL-UNNAMED -Dcom.redhat.fips=false -Xmx512m -Xms128m -XX:+HeapDumpOnOutOfMemoryError -Xms1g -Xmx1g -Dhttp.nonProxyHosts=localhost|127.*|[::1] -cp ./lib/sonar-application-9.9.0.65466.jar:/opt/sonarqube/lib/jdbc/h2/h2-2.1.214.jar org.sonar.server.app.WebServer /opt/sonarqube/temp/sq-process3304946817661782772properties
2023.06.30 04:42:23 INFO  app[][o.s.a.SchedulerImpl] Process[web] is up
2023.06.30 04:42:23 INFO  app[][o.s.a.ProcessLauncherImpl] Launch process[COMPUTE_ENGINE] from [/opt/sonarqube]: /opt/java/openjdk/bin/java -Djava.awt.headless=true -Dfile.encoding=UTF-8 -Djava.io.tmpdir=/opt/sonarqube/temp -XX:-OmitStackTraceInFastThrow --add-opens=java.base/java.util=ALL-UNNAMED --add-exports=java.base/jdk.internal.ref=ALL-UNNAMED --add-opens=java.base/java.lang=ALL-UNNAMED --add-opens=java.base/java.nio=ALL-UNNAMED --add-opens=java.base/sun.nio.ch=ALL-UNNAMED --add-opens=java.management/sun.management=ALL-UNNAMED --add-opens=jdk.management/com.sun.management.internal=ALL-UNNAMED -Dcom.redhat.fips=false -Xmx512m -Xms128m -XX:+HeapDumpOnOutOfMemoryError -Xms1g -Xmx1g -Dhttp.nonProxyHosts=localhost|127.*|[::1] -cp ./lib/sonar-application-9.9.0.65466.jar:/opt/sonarqube/lib/jdbc/h2/h2-2.1.214.jar org.sonar.ce.app.CeServer /opt/sonarqube/temp/sq-process13900477127124603355properties
2023.06.30 04:42:26 INFO  app[][o.s.a.SchedulerImpl] Process[ce] is up
2023.06.30 04:42:26 INFO  app[][o.s.a.SchedulerImpl] SonarQube is operational
2023.06.30 17:48:27 INFO  app[][o.s.a.SchedulerImpl] Stopping SonarQube
2023.06.30 17:48:27 INFO  app[][o.s.a.SchedulerImpl] Sonarqube has been requested to stop
2023.06.30 17:48:27 INFO  app[][o.s.a.SchedulerImpl] Stopping [Compute Engine] process...
2023.06.30 17:48:30 INFO  app[][o.s.a.SchedulerImpl] Process[Compute Engine] is stopped
2023.06.30 17:48:30 INFO  app[][o.s.a.SchedulerImpl] Stopping [Web Server] process...
